{"D:\\work\\other\\forestry\\forestry_rd\\src\\app.js":{"path":"D:\\work\\other\\forestry\\forestry_rd\\src\\app.js","statementMap":{"0":{"start":{"line":1,"column":20},"end":{"line":1,"column":42}},"1":{"start":{"line":2,"column":16},"end":{"line":2,"column":34}},"2":{"start":{"line":3,"column":13},"end":{"line":3,"column":28}},"3":{"start":{"line":4,"column":21},"end":{"line":4,"column":45}},"4":{"start":{"line":5,"column":23},"end":{"line":5,"column":49}},"5":{"start":{"line":6,"column":19},"end":{"line":6,"column":59}},"6":{"start":{"line":8,"column":27},"end":{"line":8,"column":65}},"7":{"start":{"line":9,"column":25},"end":{"line":9,"column":61}},"8":{"start":{"line":10,"column":18},"end":{"line":10,"column":50}},"9":{"start":{"line":12,"column":12},"end":{"line":12,"column":21}},"10":{"start":{"line":13,"column":18},"end":{"line":13,"column":33}},"11":{"start":{"line":15,"column":0},"end":{"line":15,"column":26}},"12":{"start":{"line":16,"column":0},"end":{"line":16,"column":29}},"13":{"start":{"line":17,"column":0},"end":{"line":17,"column":32}},"14":{"start":{"line":18,"column":0},"end":{"line":18,"column":27}},"15":{"start":{"line":20,"column":0},"end":{"line":20,"column":38}},"16":{"start":{"line":22,"column":0},"end":{"line":22,"column":48}},"17":{"start":{"line":23,"column":0},"end":{"line":23,"column":30}},"18":{"start":{"line":25,"column":0},"end":{"line":25,"column":24}},"19":{"start":{"line":26,"column":0},"end":{"line":26,"column":49}},"20":{"start":{"line":27,"column":0},"end":{"line":27,"column":24}},"21":{"start":{"line":28,"column":0},"end":{"line":34,"column":4}},"22":{"start":{"line":36,"column":0},"end":{"line":36,"column":56}},"23":{"start":{"line":38,"column":0},"end":{"line":38,"column":24}},"24":{"start":{"line":39,"column":0},"end":{"line":39,"column":22}},"25":{"start":{"line":41,"column":0},"end":{"line":45,"column":3}},"26":{"start":{"line":42,"column":2},"end":{"line":42,"column":32}},"27":{"start":{"line":43,"column":2},"end":{"line":43,"column":22}},"28":{"start":{"line":44,"column":2},"end":{"line":44,"column":9}},"29":{"start":{"line":46,"column":0},"end":{"line":51,"column":3}},"30":{"start":{"line":47,"column":2},"end":{"line":47,"column":49}},"31":{"start":{"line":48,"column":2},"end":{"line":48,"column":71}},"32":{"start":{"line":49,"column":2},"end":{"line":49,"column":90}},"33":{"start":{"line":50,"column":2},"end":{"line":50,"column":9}},"34":{"start":{"line":53,"column":0},"end":{"line":53,"column":25}},"35":{"start":{"line":55,"column":0},"end":{"line":58,"column":3}},"36":{"start":{"line":57,"column":2},"end":{"line":57,"column":25}},"37":{"start":{"line":60,"column":0},"end":{"line":69,"column":3}},"38":{"start":{"line":61,"column":2},"end":{"line":66,"column":3}},"39":{"start":{"line":62,"column":4},"end":{"line":62,"column":58}},"40":{"start":{"line":65,"column":4},"end":{"line":65,"column":58}},"41":{"start":{"line":68,"column":2},"end":{"line":68,"column":20}},"42":{"start":{"line":71,"column":0},"end":{"line":71,"column":21}}},"fnMap":{"0":{"name":"(anonymous_0)","decl":{"start":{"line":41,"column":8},"end":{"line":41,"column":9}},"loc":{"start":{"line":41,"column":28},"end":{"line":45,"column":1}},"line":41},"1":{"name":"(anonymous_1)","decl":{"start":{"line":46,"column":8},"end":{"line":46,"column":9}},"loc":{"start":{"line":46,"column":28},"end":{"line":51,"column":1}},"line":46},"2":{"name":"(anonymous_2)","decl":{"start":{"line":55,"column":8},"end":{"line":55,"column":9}},"loc":{"start":{"line":55,"column":28},"end":{"line":58,"column":1}},"line":55},"3":{"name":"(anonymous_3)","decl":{"start":{"line":60,"column":8},"end":{"line":60,"column":9}},"loc":{"start":{"line":60,"column":33},"end":{"line":69,"column":1}},"line":60}},"branchMap":{"0":{"loc":{"start":{"line":61,"column":2},"end":{"line":66,"column":3}},"type":"if","locations":[{"start":{"line":61,"column":2},"end":{"line":66,"column":3}},{"start":{"line":61,"column":2},"end":{"line":66,"column":3}}],"line":61}},"s":{"0":1,"1":1,"2":1,"3":1,"4":1,"5":1,"6":1,"7":1,"8":1,"9":1,"10":1,"11":1,"12":1,"13":1,"14":1,"15":1,"16":1,"17":1,"18":1,"19":1,"20":1,"21":1,"22":1,"23":1,"24":1,"25":1,"26":2,"27":2,"28":2,"29":1,"30":2,"31":2,"32":2,"33":2,"34":1,"35":1,"36":0,"37":1,"38":0,"39":0,"40":0,"41":0,"42":1},"f":{"0":2,"1":2,"2":0,"3":0},"b":{"0":[0,0]},"_coverageSchema":"43e27e138ebf9cfc5966b082cf9a028302ed4184","hash":"473692dad7626f3443995f1dc3e897954c32941f","contentHash":"e442d3f950b8a12a6885602fa87f26708eb4d7cd3fb870ac4178185823d2298e"},"D:\\work\\other\\forestry\\forestry_rd\\src\\middleware\\permissionAuth.js":{"path":"D:\\work\\other\\forestry\\forestry_rd\\src\\middleware\\permissionAuth.js","statementMap":{"0":{"start":{"line":1,"column":30},"end":{"line":1,"column":79}},"1":{"start":{"line":2,"column":16},"end":{"line":2,"column":47}},"2":{"start":{"line":4,"column":30},"end":{"line":4,"column":57}},"3":{"start":{"line":5,"column":16},"end":{"line":5,"column":29}},"4":{"start":{"line":7,"column":19},"end":{"line":7,"column":42}},"5":{"start":{"line":8,"column":17},"end":{"line":13,"column":1}},"6":{"start":{"line":14,"column":17},"end":{"line":14,"column":25}},"7":{"start":{"line":16,"column":0},"end":{"line":42,"column":2}},"8":{"start":{"line":17,"column":15},"end":{"line":17,"column":37}},"9":{"start":{"line":19,"column":2},"end":{"line":41,"column":3}},"10":{"start":{"line":20,"column":4},"end":{"line":20,"column":11}},"11":{"start":{"line":22,"column":7},"end":{"line":41,"column":3}},"12":{"start":{"line":23,"column":4},"end":{"line":23,"column":43}},"13":{"start":{"line":26,"column":4},"end":{"line":31,"column":5}},"14":{"start":{"line":27,"column":6},"end":{"line":30,"column":7}},"15":{"start":{"line":28,"column":8},"end":{"line":28,"column":15}},"16":{"start":{"line":29,"column":8},"end":{"line":29,"column":15}},"17":{"start":{"line":33,"column":24},"end":{"line":33,"column":101}},"18":{"start":{"line":35,"column":4},"end":{"line":40,"column":5}},"19":{"start":{"line":36,"column":6},"end":{"line":36,"column":13}},"20":{"start":{"line":39,"column":6},"end":{"line":39,"column":59}}},"fnMap":{"0":{"name":"(anonymous_0)","decl":{"start":{"line":16,"column":25},"end":{"line":16,"column":26}},"loc":{"start":{"line":16,"column":56},"end":{"line":42,"column":1}},"line":16}},"branchMap":{"0":{"loc":{"start":{"line":19,"column":2},"end":{"line":41,"column":3}},"type":"if","locations":[{"start":{"line":19,"column":2},"end":{"line":41,"column":3}},{"start":{"line":19,"column":2},"end":{"line":41,"column":3}}],"line":19},"1":{"loc":{"start":{"line":19,"column":5},"end":{"line":19,"column":77}},"type":"binary-expr","locations":[{"start":{"line":19,"column":5},"end":{"line":19,"column":39}},{"start":{"line":19,"column":43},"end":{"line":19,"column":77}}],"line":19},"2":{"loc":{"start":{"line":22,"column":7},"end":{"line":41,"column":3}},"type":"if","locations":[{"start":{"line":22,"column":7},"end":{"line":41,"column":3}},{"start":{"line":22,"column":7},"end":{"line":41,"column":3}}],"line":22},"3":{"loc":{"start":{"line":27,"column":6},"end":{"line":30,"column":7}},"type":"if","locations":[{"start":{"line":27,"column":6},"end":{"line":30,"column":7}},{"start":{"line":27,"column":6},"end":{"line":30,"column":7}}],"line":27},"4":{"loc":{"start":{"line":35,"column":4},"end":{"line":40,"column":5}},"type":"if","locations":[{"start":{"line":35,"column":4},"end":{"line":40,"column":5}},{"start":{"line":35,"column":4},"end":{"line":40,"column":5}}],"line":35}},"s":{"0":1,"1":1,"2":1,"3":1,"4":1,"5":1,"6":1,"7":1,"8":2,"9":2,"10":2,"11":0,"12":0,"13":0,"14":0,"15":0,"16":0,"17":0,"18":0,"19":0,"20":0},"f":{"0":2},"b":{"0":[2,0],"1":[2,2],"2":[0,0],"3":[0,0],"4":[0,0]},"_coverageSchema":"43e27e138ebf9cfc5966b082cf9a028302ed4184","hash":"f798d254dac88e088e0b83a668865debb8f7bafa","contentHash":"670365d00b4b16671c10ec65228a74606b69dcf0361fb41b351f930a23fa5809"},"D:\\work\\other\\forestry\\forestry_rd\\src\\service\\permissionAuthService.class.js":{"path":"D:\\work\\other\\forestry\\forestry_rd\\src\\service\\permissionAuthService.class.js","statementMap":{"0":{"start":{"line":1,"column":28},"end":{"line":1,"column":73}},"1":{"start":{"line":3,"column":28},"end":{"line":3,"column":53}},"2":{"start":{"line":9,"column":27},"end":{"line":9,"column":77}},"3":{"start":{"line":11,"column":4},"end":{"line":17,"column":5}},"4":{"start":{"line":12,"column":6},"end":{"line":16,"column":7}},"5":{"start":{"line":13,"column":8},"end":{"line":15,"column":9}},"6":{"start":{"line":14,"column":10},"end":{"line":14,"column":22}},"7":{"start":{"line":19,"column":4},"end":{"line":19,"column":17}},"8":{"start":{"line":23,"column":0},"end":{"line":23,"column":39}}},"fnMap":{"0":{"name":"(anonymous_0)","decl":{"start":{"line":6,"column":2},"end":{"line":6,"column":3}},"loc":{"start":{"line":6,"column":16},"end":{"line":6,"column":18}},"line":6},"1":{"name":"(anonymous_1)","decl":{"start":{"line":8,"column":2},"end":{"line":8,"column":3}},"loc":{"start":{"line":8,"column":38},"end":{"line":20,"column":3}},"line":8}},"branchMap":{"0":{"loc":{"start":{"line":13,"column":8},"end":{"line":15,"column":9}},"type":"if","locations":[{"start":{"line":13,"column":8},"end":{"line":15,"column":9}},{"start":{"line":13,"column":8},"end":{"line":15,"column":9}}],"line":13}},"s":{"0":1,"1":1,"2":0,"3":0,"4":0,"5":0,"6":0,"7":0,"8":1},"f":{"0":1,"1":0},"b":{"0":[0,0]},"_coverageSchema":"43e27e138ebf9cfc5966b082cf9a028302ed4184","hash":"c3e6c918594256d6639960caefa24b335552139f","contentHash":"ee9e2847d38967eeae5bb00036751b8a0975a1429dbb745cdbcbd1d7b42118c5"},"D:\\work\\other\\forestry\\forestry_rd\\src\\model\\permissionAuthModel.class.js":{"path":"D:\\work\\other\\forestry\\forestry_rd\\src\\model\\permissionAuthModel.class.js","statementMap":{"0":{"start":{"line":5,"column":16},"end":{"line":5,"column":115}},"1":{"start":{"line":6,"column":15},"end":{"line":6,"column":23}},"2":{"start":{"line":8,"column":4},"end":{"line":8,"column":39}},"3":{"start":{"line":12,"column":0},"end":{"line":12,"column":37}}},"fnMap":{"0":{"name":"(anonymous_0)","decl":{"start":{"line":2,"column":2},"end":{"line":2,"column":3}},"loc":{"start":{"line":2,"column":16},"end":{"line":2,"column":18}},"line":2},"1":{"name":"(anonymous_1)","decl":{"start":{"line":4,"column":2},"end":{"line":4,"column":3}},"loc":{"start":{"line":4,"column":33},"end":{"line":9,"column":3}},"line":4}},"branchMap":{},"s":{"0":0,"1":0,"2":0,"3":1},"f":{"0":1,"1":0},"b":{},"_coverageSchema":"43e27e138ebf9cfc5966b082cf9a028302ed4184","hash":"ef5457ccb4867360103495d00b0ee17c3538ffca","contentHash":"5b7a20283bade7c5843c1fcea0aad1b5554f1024f255fbec19b2ac1687e9d273"},"D:\\work\\other\\forestry\\forestry_rd\\src\\dto\\authDto.class.js":{"path":"D:\\work\\other\\forestry\\forestry_rd\\src\\dto\\authDto.class.js","statementMap":{"0":{"start":{"line":1,"column":17},"end":{"line":1,"column":44}},"1":{"start":{"line":7,"column":4},"end":{"line":11,"column":6}},"2":{"start":{"line":15,"column":4},"end":{"line":19,"column":6}},"3":{"start":{"line":23,"column":4},"end":{"line":27,"column":6}},"4":{"start":{"line":31,"column":4},"end":{"line":35,"column":6}},"5":{"start":{"line":39,"column":4},"end":{"line":43,"column":6}},"6":{"start":{"line":47,"column":0},"end":{"line":47,"column":25}}},"fnMap":{"0":{"name":"(anonymous_0)","decl":{"start":{"line":4,"column":2},"end":{"line":4,"column":3}},"loc":{"start":{"line":4,"column":16},"end":{"line":4,"column":18}},"line":4},"1":{"name":"(anonymous_1)","decl":{"start":{"line":6,"column":2},"end":{"line":6,"column":3}},"loc":{"start":{"line":6,"column":20},"end":{"line":12,"column":3}},"line":6},"2":{"name":"(anonymous_2)","decl":{"start":{"line":14,"column":2},"end":{"line":14,"column":3}},"loc":{"start":{"line":14,"column":27},"end":{"line":20,"column":3}},"line":14},"3":{"name":"(anonymous_3)","decl":{"start":{"line":22,"column":2},"end":{"line":22,"column":3}},"loc":{"start":{"line":22,"column":22},"end":{"line":28,"column":3}},"line":22},"4":{"name":"(anonymous_4)","decl":{"start":{"line":30,"column":2},"end":{"line":30,"column":3}},"loc":{"start":{"line":30,"column":23},"end":{"line":36,"column":3}},"line":30},"5":{"name":"(anonymous_5)","decl":{"start":{"line":38,"column":2},"end":{"line":38,"column":3}},"loc":{"start":{"line":38,"column":25},"end":{"line":44,"column":3}},"line":38}},"branchMap":{},"s":{"0":1,"1":0,"2":1,"3":0,"4":0,"5":0,"6":1},"f":{"0":2,"1":0,"2":1,"3":0,"4":0,"5":0},"b":{},"_coverageSchema":"43e27e138ebf9cfc5966b082cf9a028302ed4184","hash":"f1b3b30da8aadabfeb861affe7269c0f8e1a3d57","contentHash":"7b26d78e5a2d2513ed1056753f4df7bc2f28caf824c6905093eb4466c52e1dd9"},"D:\\work\\other\\forestry\\forestry_rd\\src\\util\\constant.js":{"path":"D:\\work\\other\\forestry\\forestry_rd\\src\\util\\constant.js","statementMap":{"0":{"start":{"line":1,"column":0},"end":{"line":1,"column":25}},"1":{"start":{"line":2,"column":0},"end":{"line":2,"column":23}},"2":{"start":{"line":3,"column":0},"end":{"line":3,"column":25}},"3":{"start":{"line":4,"column":0},"end":{"line":4,"column":26}},"4":{"start":{"line":5,"column":0},"end":{"line":5,"column":29}},"5":{"start":{"line":6,"column":0},"end":{"line":6,"column":27}},"6":{"start":{"line":7,"column":0},"end":{"line":7,"column":27}},"7":{"start":{"line":8,"column":0},"end":{"line":8,"column":27}},"8":{"start":{"line":9,"column":0},"end":{"line":9,"column":31}},"9":{"start":{"line":11,"column":0},"end":{"line":11,"column":32}},"10":{"start":{"line":12,"column":0},"end":{"line":12,"column":36}},"11":{"start":{"line":14,"column":0},"end":{"line":14,"column":39}},"12":{"start":{"line":15,"column":0},"end":{"line":15,"column":39}}},"fnMap":{},"branchMap":{},"s":{"0":1,"1":1,"2":1,"3":1,"4":1,"5":1,"6":1,"7":1,"8":1,"9":1,"10":1,"11":1,"12":1},"f":{},"b":{},"_coverageSchema":"43e27e138ebf9cfc5966b082cf9a028302ed4184","hash":"0408787651e1979e462661c3b9e7a45383d0e66f","contentHash":"41017cff6bb134183080aaacc8fca68097978057cfe89d6dfa62532f59427815"},"D:\\work\\other\\forestry\\forestry_rd\\src\\middleware\\setRequestId.js":{"path":"D:\\work\\other\\forestry\\forestry_rd\\src\\middleware\\setRequestId.js","statementMap":{"0":{"start":{"line":1,"column":13},"end":{"line":1,"column":28}},"1":{"start":{"line":3,"column":0},"end":{"line":6,"column":2}},"2":{"start":{"line":4,"column":2},"end":{"line":4,"column":38}},"3":{"start":{"line":5,"column":2},"end":{"line":5,"column":9}}},"fnMap":{"0":{"name":"(anonymous_0)","decl":{"start":{"line":3,"column":23},"end":{"line":3,"column":24}},"loc":{"start":{"line":3,"column":49},"end":{"line":6,"column":1}},"line":3}},"branchMap":{},"s":{"0":1,"1":1,"2":2,"3":2},"f":{"0":2},"b":{},"_coverageSchema":"43e27e138ebf9cfc5966b082cf9a028302ed4184","hash":"29a4808abb00bfee01f56a7698eb2d3f5e8eba41","contentHash":"374cc9c66d10a612f6e1ca341a9ed7ae07a296b906705a5261dd63ae2fa963a6"},"D:\\work\\other\\forestry\\forestry_rd\\src\\dto\\commonDto.class.js":{"path":"D:\\work\\other\\forestry\\forestry_rd\\src\\dto\\commonDto.class.js","statementMap":{"0":{"start":{"line":1,"column":17},"end":{"line":1,"column":44}},"1":{"start":{"line":7,"column":4},"end":{"line":20,"column":5}},"2":{"start":{"line":8,"column":6},"end":{"line":12,"column":8}},"3":{"start":{"line":15,"column":6},"end":{"line":19,"column":8}},"4":{"start":{"line":24,"column":4},"end":{"line":28,"column":6}},"5":{"start":{"line":32,"column":4},"end":{"line":36,"column":6}},"6":{"start":{"line":40,"column":4},"end":{"line":44,"column":6}},"7":{"start":{"line":48,"column":4},"end":{"line":52,"column":6}},"8":{"start":{"line":56,"column":4},"end":{"line":60,"column":6}},"9":{"start":{"line":64,"column":0},"end":{"line":64,"column":27}}},"fnMap":{"0":{"name":"(anonymous_0)","decl":{"start":{"line":4,"column":2},"end":{"line":4,"column":3}},"loc":{"start":{"line":4,"column":16},"end":{"line":4,"column":18}},"line":4},"1":{"name":"(anonymous_1)","decl":{"start":{"line":6,"column":2},"end":{"line":6,"column":3}},"loc":{"start":{"line":6,"column":41},"end":{"line":21,"column":3}},"line":6},"2":{"name":"(anonymous_2)","decl":{"start":{"line":23,"column":2},"end":{"line":23,"column":3}},"loc":{"start":{"line":23,"column":33},"end":{"line":29,"column":3}},"line":23},"3":{"name":"(anonymous_3)","decl":{"start":{"line":31,"column":2},"end":{"line":31,"column":3}},"loc":{"start":{"line":31,"column":36},"end":{"line":37,"column":3}},"line":31},"4":{"name":"(anonymous_4)","decl":{"start":{"line":39,"column":2},"end":{"line":39,"column":3}},"loc":{"start":{"line":39,"column":23},"end":{"line":45,"column":3}},"line":39},"5":{"name":"(anonymous_5)","decl":{"start":{"line":47,"column":2},"end":{"line":47,"column":3}},"loc":{"start":{"line":47,"column":27},"end":{"line":53,"column":3}},"line":47},"6":{"name":"(anonymous_6)","decl":{"start":{"line":55,"column":2},"end":{"line":55,"column":3}},"loc":{"start":{"line":55,"column":24},"end":{"line":61,"column":3}},"line":55}},"branchMap":{"0":{"loc":{"start":{"line":6,"column":26},"end":{"line":6,"column":39}},"type":"default-arg","locations":[{"start":{"line":6,"column":32},"end":{"line":6,"column":39}}],"line":6},"1":{"loc":{"start":{"line":7,"column":4},"end":{"line":20,"column":5}},"type":"if","locations":[{"start":{"line":7,"column":4},"end":{"line":20,"column":5}},{"start":{"line":7,"column":4},"end":{"line":20,"column":5}}],"line":7},"2":{"loc":{"start":{"line":23,"column":21},"end":{"line":23,"column":31}},"type":"default-arg","locations":[{"start":{"line":23,"column":27},"end":{"line":23,"column":31}}],"line":23}},"s":{"0":1,"1":1,"2":0,"3":1,"4":0,"5":0,"6":0,"7":0,"8":0,"9":1},"f":{"0":14,"1":1,"2":0,"3":0,"4":0,"5":0,"6":0},"b":{"0":[1],"1":[0,1],"2":[0]},"_coverageSchema":"43e27e138ebf9cfc5966b082cf9a028302ed4184","hash":"4d5fce26010e16991a9a4538a931ef7a5a0caa06","contentHash":"7fcba8e7ceaf2e4dc7a51ff50ddc15a48ab890ea90af79a12a83c8f7534d87fc"},"D:\\work\\other\\forestry\\forestry_rd\\src\\config\\dbCfg.js":{"path":"D:\\work\\other\\forestry\\forestry_rd\\src\\config\\dbCfg.js","statementMap":{"0":{"start":{"line":37,"column":15},"end":{"line":37,"column":31}},"1":{"start":{"line":39,"column":18},"end":{"line":39,"column":37}},"2":{"start":{"line":41,"column":13},"end":{"line":47,"column":2}},"3":{"start":{"line":50,"column":2},"end":{"line":67,"column":5}},"4":{"start":{"line":51,"column":4},"end":{"line":66,"column":7}},"5":{"start":{"line":52,"column":6},"end":{"line":65,"column":7}},"6":{"start":{"line":53,"column":8},"end":{"line":53,"column":57}},"7":{"start":{"line":54,"column":8},"end":{"line":58,"column":11}},"8":{"start":{"line":61,"column":8},"end":{"line":64,"column":11}},"9":{"start":{"line":62,"column":10},"end":{"line":62,"column":31}},"10":{"start":{"line":63,"column":10},"end":{"line":63,"column":44}},"11":{"start":{"line":70,"column":0},"end":{"line":72,"column":2}}},"fnMap":{"0":{"name":"query","decl":{"start":{"line":49,"column":9},"end":{"line":49,"column":14}},"loc":{"start":{"line":49,"column":29},"end":{"line":68,"column":1}},"line":49},"1":{"name":"(anonymous_1)","decl":{"start":{"line":50,"column":21},"end":{"line":50,"column":22}},"loc":{"start":{"line":50,"column":34},"end":{"line":67,"column":3}},"line":50},"2":{"name":"(anonymous_2)","decl":{"start":{"line":51,"column":23},"end":{"line":51,"column":24}},"loc":{"start":{"line":51,"column":44},"end":{"line":66,"column":5}},"line":51},"3":{"name":"(anonymous_3)","decl":{"start":{"line":61,"column":38},"end":{"line":61,"column":39}},"loc":{"start":{"line":61,"column":64},"end":{"line":64,"column":9}},"line":61}},"branchMap":{"0":{"loc":{"start":{"line":52,"column":6},"end":{"line":65,"column":7}},"type":"if","locations":[{"start":{"line":52,"column":6},"end":{"line":65,"column":7}},{"start":{"line":52,"column":6},"end":{"line":65,"column":7}}],"line":52}},"s":{"0":1,"1":1,"2":1,"3":3,"4":3,"5":3,"6":0,"7":0,"8":3,"9":3,"10":3,"11":1},"f":{"0":3,"1":3,"2":3,"3":3},"b":{"0":[0,3]},"_coverageSchema":"43e27e138ebf9cfc5966b082cf9a028302ed4184","hash":"30e06a5a242795bd4547c86b2f52156fbe89e3ce","contentHash":"0d3644ed2ae1905f7b91aa012d4a176d5db88fde6e7e6de60ca9125777519c0e"},"D:\\work\\other\\forestry\\forestry_rd\\src\\config\\envCfg.js":{"path":"D:\\work\\other\\forestry\\forestry_rd\\src\\config\\envCfg.js","statementMap":{"0":{"start":{"line":1,"column":18},"end":{"line":5,"column":1}},"1":{"start":{"line":6,"column":19},"end":{"line":10,"column":1}},"2":{"start":{"line":12,"column":0},"end":{"line":17,"column":1}},"3":{"start":{"line":13,"column":2},"end":{"line":13,"column":30}},"4":{"start":{"line":16,"column":2},"end":{"line":16,"column":29}}},"fnMap":{},"branchMap":{"0":{"loc":{"start":{"line":12,"column":0},"end":{"line":17,"column":1}},"type":"if","locations":[{"start":{"line":12,"column":0},"end":{"line":17,"column":1}},{"start":{"line":12,"column":0},"end":{"line":17,"column":1}}],"line":12}},"s":{"0":1,"1":1,"2":1,"3":0,"4":1},"f":{},"b":{"0":[0,1]},"_coverageSchema":"43e27e138ebf9cfc5966b082cf9a028302ed4184","hash":"bb54e5d8116c20efdefbfbee169d39749e03c313","contentHash":"97cb288f8831ad622ec774da5d896bcdf06e461c3b762cef38a6f64975c93a7f"},"D:\\work\\other\\forestry\\forestry_rd\\src\\config\\redisCfg.js":{"path":"D:\\work\\other\\forestry\\forestry_rd\\src\\config\\redisCfg.js","statementMap":{"0":{"start":{"line":2,"column":14},"end":{"line":2,"column":30}},"1":{"start":{"line":4,"column":20},"end":{"line":19,"column":2}},"2":{"start":{"line":12,"column":4},"end":{"line":15,"column":5}},"3":{"start":{"line":13,"column":6},"end":{"line":13,"column":34}},"4":{"start":{"line":14,"column":6},"end":{"line":14,"column":33}},"5":{"start":{"line":17,"column":4},"end":{"line":17,"column":49}},"6":{"start":{"line":21,"column":0},"end":{"line":27,"column":3}},"7":{"start":{"line":22,"column":2},"end":{"line":25,"column":3}},"8":{"start":{"line":23,"column":4},"end":{"line":23,"column":45}},"9":{"start":{"line":24,"column":4},"end":{"line":24,"column":11}},"10":{"start":{"line":26,"column":2},"end":{"line":26,"column":39}},"11":{"start":{"line":29,"column":0},"end":{"line":31,"column":3}},"12":{"start":{"line":30,"column":2},"end":{"line":30,"column":35}},"13":{"start":{"line":33,"column":0},"end":{"line":33,"column":33}}},"fnMap":{"0":{"name":"(anonymous_0)","decl":{"start":{"line":11,"column":18},"end":{"line":11,"column":19}},"loc":{"start":{"line":11,"column":31},"end":{"line":18,"column":3}},"line":11},"1":{"name":"(anonymous_1)","decl":{"start":{"line":21,"column":24},"end":{"line":21,"column":25}},"loc":{"start":{"line":21,"column":33},"end":{"line":27,"column":1}},"line":21},"2":{"name":"(anonymous_2)","decl":{"start":{"line":29,"column":24},"end":{"line":29,"column":25}},"loc":{"start":{"line":29,"column":33},"end":{"line":31,"column":1}},"line":29}},"branchMap":{"0":{"loc":{"start":{"line":12,"column":4},"end":{"line":15,"column":5}},"type":"if","locations":[{"start":{"line":12,"column":4},"end":{"line":15,"column":5}},{"start":{"line":12,"column":4},"end":{"line":15,"column":5}}],"line":12},"1":{"loc":{"start":{"line":22,"column":2},"end":{"line":25,"column":3}},"type":"if","locations":[{"start":{"line":22,"column":2},"end":{"line":25,"column":3}},{"start":{"line":22,"column":2},"end":{"line":25,"column":3}}],"line":22}},"s":{"0":1,"1":1,"2":0,"3":0,"4":0,"5":0,"6":1,"7":1,"8":0,"9":0,"10":1,"11":1,"12":0,"13":1},"f":{"0":0,"1":1,"2":0},"b":{"0":[0,0],"1":[0,1]},"_coverageSchema":"43e27e138ebf9cfc5966b082cf9a028302ed4184","hash":"0b8b7cba61804b3a9d184fea12fc20f33a5a1c8b","contentHash":"344c884b36b8c960f25370ef671bf3b7c6517987c2099253be12543c3b21812e"},"D:\\work\\other\\forestry\\forestry_rd\\src\\config\\validateCfg.js":{"path":"D:\\work\\other\\forestry\\forestry_rd\\src\\config\\validateCfg.js","statementMap":{"0":{"start":{"line":2,"column":2},"end":{"line":4,"column":3}},"1":{"start":{"line":3,"column":4},"end":{"line":3,"column":26}},"2":{"start":{"line":5,"column":2},"end":{"line":5,"column":14}},"3":{"start":{"line":9,"column":2},"end":{"line":11,"column":3}},"4":{"start":{"line":10,"column":4},"end":{"line":10,"column":34}},"5":{"start":{"line":12,"column":2},"end":{"line":12,"column":14}},"6":{"start":{"line":16,"column":2},"end":{"line":18,"column":3}},"7":{"start":{"line":17,"column":4},"end":{"line":17,"column":16}},"8":{"start":{"line":19,"column":2},"end":{"line":19,"column":29}},"9":{"start":{"line":23,"column":2},"end":{"line":25,"column":3}},"10":{"start":{"line":24,"column":4},"end":{"line":24,"column":16}},"11":{"start":{"line":26,"column":2},"end":{"line":26,"column":26}},"12":{"start":{"line":29,"column":14},"end":{"line":31,"column":1}},"13":{"start":{"line":33,"column":0},"end":{"line":62,"column":1}},"14":{"start":{"line":34,"column":2},"end":{"line":61,"column":3}},"15":{"start":{"line":35,"column":18},"end":{"line":35,"column":20}},"16":{"start":{"line":37,"column":4},"end":{"line":49,"column":5}},"17":{"start":{"line":39,"column":6},"end":{"line":48,"column":7}},"18":{"start":{"line":41,"column":8},"end":{"line":47,"column":11}},"19":{"start":{"line":42,"column":23},"end":{"line":42,"column":48}},"20":{"start":{"line":44,"column":10},"end":{"line":46,"column":11}},"21":{"start":{"line":45,"column":12},"end":{"line":45,"column":33}},"22":{"start":{"line":51,"column":4},"end":{"line":60,"column":5}},"23":{"start":{"line":52,"column":6},"end":{"line":52,"column":13}},"24":{"start":{"line":55,"column":6},"end":{"line":59,"column":9}}},"fnMap":{"0":{"name":"required","decl":{"start":{"line":1,"column":9},"end":{"line":1,"column":17}},"loc":{"start":{"line":1,"column":32},"end":{"line":6,"column":1}},"line":1},"1":{"name":"number","decl":{"start":{"line":8,"column":9},"end":{"line":8,"column":15}},"loc":{"start":{"line":8,"column":30},"end":{"line":13,"column":1}},"line":8},"2":{"name":"notBlank","decl":{"start":{"line":15,"column":9},"end":{"line":15,"column":17}},"loc":{"start":{"line":15,"column":32},"end":{"line":20,"column":1}},"line":15},"3":{"name":"array","decl":{"start":{"line":22,"column":9},"end":{"line":22,"column":14}},"loc":{"start":{"line":22,"column":29},"end":{"line":27,"column":1}},"line":22},"4":{"name":"(anonymous_4)","decl":{"start":{"line":33,"column":18},"end":{"line":33,"column":19}},"loc":{"start":{"line":33,"column":29},"end":{"line":62,"column":1}},"line":33},"5":{"name":"(anonymous_5)","decl":{"start":{"line":34,"column":9},"end":{"line":34,"column":10}},"loc":{"start":{"line":34,"column":35},"end":{"line":61,"column":3}},"line":34},"6":{"name":"(anonymous_6)","decl":{"start":{"line":41,"column":28},"end":{"line":41,"column":29}},"loc":{"start":{"line":41,"column":38},"end":{"line":47,"column":9}},"line":41}},"branchMap":{"0":{"loc":{"start":{"line":2,"column":2},"end":{"line":4,"column":3}},"type":"if","locations":[{"start":{"line":2,"column":2},"end":{"line":4,"column":3}},{"start":{"line":2,"column":2},"end":{"line":4,"column":3}}],"line":2},"1":{"loc":{"start":{"line":2,"column":6},"end":{"line":2,"column":26}},"type":"binary-expr","locations":[{"start":{"line":2,"column":6},"end":{"line":2,"column":17}},{"start":{"line":2,"column":21},"end":{"line":2,"column":26}}],"line":2},"2":{"loc":{"start":{"line":9,"column":2},"end":{"line":11,"column":3}},"type":"if","locations":[{"start":{"line":9,"column":2},"end":{"line":11,"column":3}},{"start":{"line":9,"column":2},"end":{"line":11,"column":3}}],"line":9},"3":{"loc":{"start":{"line":16,"column":2},"end":{"line":18,"column":3}},"type":"if","locations":[{"start":{"line":16,"column":2},"end":{"line":18,"column":3}},{"start":{"line":16,"column":2},"end":{"line":18,"column":3}}],"line":16},"4":{"loc":{"start":{"line":16,"column":6},"end":{"line":16,"column":51}},"type":"binary-expr","locations":[{"start":{"line":16,"column":6},"end":{"line":16,"column":30}},{"start":{"line":16,"column":34},"end":{"line":16,"column":51}}],"line":16},"5":{"loc":{"start":{"line":23,"column":2},"end":{"line":25,"column":3}},"type":"if","locations":[{"start":{"line":23,"column":2},"end":{"line":25,"column":3}},{"start":{"line":23,"column":2},"end":{"line":25,"column":3}}],"line":23},"6":{"loc":{"start":{"line":44,"column":10},"end":{"line":46,"column":11}},"type":"if","locations":[{"start":{"line":44,"column":10},"end":{"line":46,"column":11}},{"start":{"line":44,"column":10},"end":{"line":46,"column":11}}],"line":44},"7":{"loc":{"start":{"line":51,"column":4},"end":{"line":60,"column":5}},"type":"if","locations":[{"start":{"line":51,"column":4},"end":{"line":60,"column":5}},{"start":{"line":51,"column":4},"end":{"line":60,"column":5}}],"line":51}},"s":{"0":0,"1":0,"2":0,"3":0,"4":0,"5":0,"6":0,"7":0,"8":0,"9":0,"10":0,"11":0,"12":1,"13":1,"14":1,"15":0,"16":0,"17":0,"18":0,"19":0,"20":0,"21":0,"22":0,"23":0,"24":0},"f":{"0":0,"1":0,"2":0,"3":0,"4":1,"5":0,"6":0},"b":{"0":[0,0],"1":[0,0],"2":[0,0],"3":[0,0],"4":[0,0],"5":[0,0],"6":[0,0],"7":[0,0]},"_coverageSchema":"43e27e138ebf9cfc5966b082cf9a028302ed4184","hash":"fefa72908583c5f691cbcce2d273d27722139e70","contentHash":"b182f1f142be82f505676620e91eecf25346c8f69927f78f95d884b1bfc5eb63"},"D:\\work\\other\\forestry\\forestry_rd\\src\\config\\logCfg.js":{"path":"D:\\work\\other\\forestry\\forestry_rd\\src\\config\\logCfg.js","statementMap":{"0":{"start":{"line":1,"column":15},"end":{"line":1,"column":32}},"1":{"start":{"line":3,"column":0},"end":{"line":19,"column":3}},"2":{"start":{"line":21,"column":0},"end":{"line":21,"column":35}}},"fnMap":{},"branchMap":{},"s":{"0":1,"1":1,"2":1},"f":{},"b":{},"_coverageSchema":"43e27e138ebf9cfc5966b082cf9a028302ed4184","hash":"1faa469f71b43389a4b2466750fbecfa029b2a70","contentHash":"9f56559f24afe7a266ecd3550a87bcfac7c0c044bcd80e1d08207f4a08e3c493"},"D:\\work\\other\\forestry\\forestry_rd\\src\\rpc\\testRpcService\\index.js":{"path":"D:\\work\\other\\forestry\\forestry_rd\\src\\rpc\\testRpcService\\index.js","statementMap":{"0":{"start":{"line":1,"column":15},"end":{"line":1,"column":32}},"1":{"start":{"line":3,"column":19},"end":{"line":3,"column":46}},"2":{"start":{"line":4,"column":17},"end":{"line":4,"column":50}},"3":{"start":{"line":6,"column":14},"end":{"line":6,"column":15}},"4":{"start":{"line":9,"column":21},"end":{"line":12,"column":4}},"5":{"start":{"line":14,"column":2},"end":{"line":21,"column":5}},"6":{"start":{"line":15,"column":4},"end":{"line":15,"column":46}},"7":{"start":{"line":16,"column":4},"end":{"line":16,"column":14}},"8":{"start":{"line":18,"column":4},"end":{"line":20,"column":5}},"9":{"start":{"line":19,"column":6},"end":{"line":19,"column":35}},"10":{"start":{"line":27,"column":0},"end":{"line":27,"column":13}}},"fnMap":{"0":{"name":"connectRpc","decl":{"start":{"line":8,"column":9},"end":{"line":8,"column":19}},"loc":{"start":{"line":8,"column":23},"end":{"line":25,"column":1}},"line":8},"1":{"name":"(anonymous_1)","decl":{"start":{"line":14,"column":25},"end":{"line":14,"column":26}},"loc":{"start":{"line":14,"column":39},"end":{"line":21,"column":3}},"line":14}},"branchMap":{"0":{"loc":{"start":{"line":18,"column":4},"end":{"line":20,"column":5}},"type":"if","locations":[{"start":{"line":18,"column":4},"end":{"line":20,"column":5}},{"start":{"line":18,"column":4},"end":{"line":20,"column":5}}],"line":18}},"s":{"0":1,"1":1,"2":1,"3":1,"4":1,"5":1,"6":0,"7":0,"8":0,"9":0,"10":1},"f":{"0":1,"1":0},"b":{"0":[0,0]},"_coverageSchema":"43e27e138ebf9cfc5966b082cf9a028302ed4184","hash":"ff9740369c72f09bdc84bb725a4cfa95173c6a64","contentHash":"f3b588521119a8e5d4e4922fb652ee80f63bf7556ce1d313f1b328cfd34df512"},"D:\\work\\other\\forestry\\forestry_rd\\src\\rpc\\testRpcService\\TestRpcService.js":{"path":"D:\\work\\other\\forestry\\forestry_rd\\src\\rpc\\testRpcService\\TestRpcService.js","statementMap":{"0":{"start":{"line":8,"column":13},"end":{"line":8,"column":30}},"1":{"start":{"line":9,"column":13},"end":{"line":9,"column":26}},"2":{"start":{"line":10,"column":8},"end":{"line":10,"column":16}},"3":{"start":{"line":13,"column":13},"end":{"line":13,"column":46}},"4":{"start":{"line":16,"column":34},"end":{"line":23,"column":1}},"5":{"start":{"line":17,"column":2},"end":{"line":17,"column":22}},"6":{"start":{"line":18,"column":2},"end":{"line":22,"column":3}},"7":{"start":{"line":19,"column":4},"end":{"line":21,"column":5}},"8":{"start":{"line":20,"column":6},"end":{"line":20,"column":34}},"9":{"start":{"line":24,"column":0},"end":{"line":24,"column":43}},"10":{"start":{"line":25,"column":0},"end":{"line":55,"column":2}},"11":{"start":{"line":26,"column":2},"end":{"line":26,"column":26}},"12":{"start":{"line":27,"column":2},"end":{"line":52,"column":3}},"13":{"start":{"line":29,"column":14},"end":{"line":29,"column":36}},"14":{"start":{"line":30,"column":16},"end":{"line":30,"column":25}},"15":{"start":{"line":31,"column":16},"end":{"line":31,"column":25}},"16":{"start":{"line":32,"column":14},"end":{"line":32,"column":21}},"17":{"start":{"line":33,"column":4},"end":{"line":35,"column":5}},"18":{"start":{"line":34,"column":6},"end":{"line":34,"column":12}},"19":{"start":{"line":36,"column":4},"end":{"line":50,"column":5}},"20":{"start":{"line":39,"column":6},"end":{"line":43,"column":7}},"21":{"start":{"line":40,"column":8},"end":{"line":40,"column":42}},"22":{"start":{"line":42,"column":8},"end":{"line":42,"column":26}},"23":{"start":{"line":44,"column":6},"end":{"line":44,"column":12}},"24":{"start":{"line":46,"column":8},"end":{"line":46,"column":26}},"25":{"start":{"line":47,"column":8},"end":{"line":47,"column":14}},"26":{"start":{"line":49,"column":8},"end":{"line":49,"column":26}},"27":{"start":{"line":51,"column":4},"end":{"line":51,"column":25}},"28":{"start":{"line":53,"column":2},"end":{"line":53,"column":24}},"29":{"start":{"line":54,"column":2},"end":{"line":54,"column":9}},"30":{"start":{"line":57,"column":0},"end":{"line":67,"column":2}},"31":{"start":{"line":58,"column":2},"end":{"line":58,"column":57}},"32":{"start":{"line":59,"column":2},"end":{"line":63,"column":3}},"33":{"start":{"line":60,"column":4},"end":{"line":60,"column":61}},"34":{"start":{"line":61,"column":4},"end":{"line":61,"column":37}},"35":{"start":{"line":62,"column":4},"end":{"line":62,"column":27}},"36":{"start":{"line":64,"column":2},"end":{"line":64,"column":26}},"37":{"start":{"line":65,"column":2},"end":{"line":65,"column":26}},"38":{"start":{"line":66,"column":2},"end":{"line":66,"column":9}},"39":{"start":{"line":69,"column":36},"end":{"line":76,"column":1}},"40":{"start":{"line":70,"column":2},"end":{"line":70,"column":22}},"41":{"start":{"line":71,"column":2},"end":{"line":75,"column":3}},"42":{"start":{"line":72,"column":4},"end":{"line":74,"column":5}},"43":{"start":{"line":73,"column":6},"end":{"line":73,"column":34}},"44":{"start":{"line":77,"column":0},"end":{"line":77,"column":45}},"45":{"start":{"line":78,"column":0},"end":{"line":108,"column":2}},"46":{"start":{"line":79,"column":2},"end":{"line":79,"column":26}},"47":{"start":{"line":80,"column":2},"end":{"line":105,"column":3}},"48":{"start":{"line":82,"column":14},"end":{"line":82,"column":36}},"49":{"start":{"line":83,"column":16},"end":{"line":83,"column":25}},"50":{"start":{"line":84,"column":16},"end":{"line":84,"column":25}},"51":{"start":{"line":85,"column":14},"end":{"line":85,"column":21}},"52":{"start":{"line":86,"column":4},"end":{"line":88,"column":5}},"53":{"start":{"line":87,"column":6},"end":{"line":87,"column":12}},"54":{"start":{"line":89,"column":4},"end":{"line":103,"column":5}},"55":{"start":{"line":92,"column":6},"end":{"line":96,"column":7}},"56":{"start":{"line":93,"column":8},"end":{"line":93,"column":42}},"57":{"start":{"line":95,"column":8},"end":{"line":95,"column":26}},"58":{"start":{"line":97,"column":6},"end":{"line":97,"column":12}},"59":{"start":{"line":99,"column":8},"end":{"line":99,"column":26}},"60":{"start":{"line":100,"column":8},"end":{"line":100,"column":14}},"61":{"start":{"line":102,"column":8},"end":{"line":102,"column":26}},"62":{"start":{"line":104,"column":4},"end":{"line":104,"column":25}},"63":{"start":{"line":106,"column":2},"end":{"line":106,"column":24}},"64":{"start":{"line":107,"column":2},"end":{"line":107,"column":9}},"65":{"start":{"line":110,"column":0},"end":{"line":120,"column":2}},"66":{"start":{"line":111,"column":2},"end":{"line":111,"column":59}},"67":{"start":{"line":112,"column":2},"end":{"line":116,"column":3}},"68":{"start":{"line":113,"column":4},"end":{"line":113,"column":61}},"69":{"start":{"line":114,"column":4},"end":{"line":114,"column":37}},"70":{"start":{"line":115,"column":4},"end":{"line":115,"column":27}},"71":{"start":{"line":117,"column":2},"end":{"line":117,"column":26}},"72":{"start":{"line":118,"column":2},"end":{"line":118,"column":26}},"73":{"start":{"line":119,"column":2},"end":{"line":119,"column":9}},"74":{"start":{"line":122,"column":27},"end":{"line":127,"column":1}},"75":{"start":{"line":123,"column":4},"end":{"line":123,"column":25}},"76":{"start":{"line":124,"column":4},"end":{"line":124,"column":25}},"77":{"start":{"line":125,"column":4},"end":{"line":125,"column":20}},"78":{"start":{"line":126,"column":4},"end":{"line":126,"column":20}},"79":{"start":{"line":128,"column":0},"end":{"line":128,"column":36}},"80":{"start":{"line":129,"column":0},"end":{"line":129,"column":74}},"81":{"start":{"line":129,"column":52},"end":{"line":129,"column":71}},"82":{"start":{"line":130,"column":0},"end":{"line":130,"column":83}},"83":{"start":{"line":130,"column":56},"end":{"line":130,"column":80}},"84":{"start":{"line":131,"column":0},"end":{"line":148,"column":2}},"85":{"start":{"line":132,"column":2},"end":{"line":132,"column":33}},"86":{"start":{"line":133,"column":2},"end":{"line":147,"column":3}},"87":{"start":{"line":134,"column":17},"end":{"line":134,"column":26}},"88":{"start":{"line":135,"column":4},"end":{"line":141,"column":6}},"89":{"start":{"line":136,"column":6},"end":{"line":140,"column":7}},"90":{"start":{"line":137,"column":8},"end":{"line":137,"column":29}},"91":{"start":{"line":139,"column":8},"end":{"line":139,"column":31}},"92":{"start":{"line":142,"column":4},"end":{"line":142,"column":31}},"93":{"start":{"line":143,"column":4},"end":{"line":143,"column":26}},"94":{"start":{"line":145,"column":4},"end":{"line":145,"column":40}},"95":{"start":{"line":146,"column":4},"end":{"line":146,"column":31}},"96":{"start":{"line":150,"column":0},"end":{"line":158,"column":2}},"97":{"start":{"line":151,"column":15},"end":{"line":151,"column":43}},"98":{"start":{"line":152,"column":2},"end":{"line":152,"column":77}},"99":{"start":{"line":153,"column":13},"end":{"line":153,"column":46}},"100":{"start":{"line":154,"column":2},"end":{"line":154,"column":25}},"101":{"start":{"line":155,"column":2},"end":{"line":155,"column":21}},"102":{"start":{"line":156,"column":2},"end":{"line":156,"column":27}},"103":{"start":{"line":157,"column":2},"end":{"line":157,"column":29}},"104":{"start":{"line":160,"column":0},"end":{"line":177,"column":2}},"105":{"start":{"line":161,"column":17},"end":{"line":161,"column":52}},"106":{"start":{"line":162,"column":2},"end":{"line":162,"column":28}},"107":{"start":{"line":163,"column":2},"end":{"line":168,"column":3}},"108":{"start":{"line":164,"column":12},"end":{"line":164,"column":46}},"109":{"start":{"line":165,"column":4},"end":{"line":165,"column":18}},"110":{"start":{"line":166,"column":4},"end":{"line":166,"column":27}},"111":{"start":{"line":167,"column":4},"end":{"line":167,"column":23}},"112":{"start":{"line":169,"column":15},"end":{"line":169,"column":50}},"113":{"start":{"line":170,"column":2},"end":{"line":170,"column":21}},"114":{"start":{"line":171,"column":2},"end":{"line":171,"column":25}},"115":{"start":{"line":173,"column":2},"end":{"line":175,"column":3}},"116":{"start":{"line":174,"column":4},"end":{"line":174,"column":42}},"117":{"start":{"line":176,"column":2},"end":{"line":176,"column":52}},"118":{"start":{"line":178,"column":30},"end":{"line":180,"column":1}},"119":{"start":{"line":179,"column":2},"end":{"line":179,"column":26}},"120":{"start":{"line":182,"column":0},"end":{"line":196,"column":1}},"121":{"start":{"line":183,"column":10},"end":{"line":183,"column":34}},"122":{"start":{"line":184,"column":2},"end":{"line":194,"column":3}},"123":{"start":{"line":185,"column":4},"end":{"line":185,"column":74}},"124":{"start":{"line":187,"column":4},"end":{"line":187,"column":35}},"125":{"start":{"line":188,"column":4},"end":{"line":188,"column":27}},"126":{"start":{"line":189,"column":12},"end":{"line":189,"column":124}},"127":{"start":{"line":190,"column":4},"end":{"line":190,"column":78}},"128":{"start":{"line":191,"column":4},"end":{"line":191,"column":20}},"129":{"start":{"line":192,"column":4},"end":{"line":192,"column":29}},"130":{"start":{"line":193,"column":4},"end":{"line":193,"column":19}},"131":{"start":{"line":197,"column":0},"end":{"line":232,"column":2}},"132":{"start":{"line":198,"column":13},"end":{"line":198,"column":46}},"133":{"start":{"line":199,"column":2},"end":{"line":199,"column":19}},"134":{"start":{"line":200,"column":2},"end":{"line":200,"column":25}},"135":{"start":{"line":201,"column":2},"end":{"line":231,"column":3}},"136":{"start":{"line":202,"column":4},"end":{"line":216,"column":9}},"137":{"start":{"line":204,"column":25},"end":{"line":204,"column":77}},"138":{"start":{"line":205,"column":8},"end":{"line":205,"column":77}},"139":{"start":{"line":206,"column":8},"end":{"line":206,"column":33}},"140":{"start":{"line":207,"column":8},"end":{"line":207,"column":33}},"141":{"start":{"line":208,"column":8},"end":{"line":208,"column":23}},"142":{"start":{"line":211,"column":8},"end":{"line":211,"column":105}},"143":{"start":{"line":212,"column":8},"end":{"line":212,"column":81}},"144":{"start":{"line":213,"column":8},"end":{"line":213,"column":29}},"145":{"start":{"line":214,"column":8},"end":{"line":214,"column":33}},"146":{"start":{"line":215,"column":8},"end":{"line":215,"column":23}},"147":{"start":{"line":218,"column":4},"end":{"line":230,"column":7}},"148":{"start":{"line":220,"column":6},"end":{"line":226,"column":7}},"149":{"start":{"line":221,"column":8},"end":{"line":221,"column":127}},"150":{"start":{"line":222,"column":8},"end":{"line":222,"column":77}},"151":{"start":{"line":224,"column":8},"end":{"line":224,"column":109}},"152":{"start":{"line":225,"column":8},"end":{"line":225,"column":81}},"153":{"start":{"line":227,"column":6},"end":{"line":227,"column":31}},"154":{"start":{"line":228,"column":6},"end":{"line":228,"column":31}},"155":{"start":{"line":229,"column":6},"end":{"line":229,"column":21}}},"fnMap":{"0":{"name":"(anonymous_0)","decl":{"start":{"line":16,"column":34},"end":{"line":16,"column":35}},"loc":{"start":{"line":16,"column":49},"end":{"line":23,"column":1}},"line":16},"1":{"name":"(anonymous_1)","decl":{"start":{"line":25,"column":45},"end":{"line":25,"column":46}},"loc":{"start":{"line":25,"column":61},"end":{"line":55,"column":1}},"line":25},"2":{"name":"(anonymous_2)","decl":{"start":{"line":57,"column":46},"end":{"line":57,"column":47}},"loc":{"start":{"line":57,"column":63},"end":{"line":67,"column":1}},"line":57},"3":{"name":"(anonymous_3)","decl":{"start":{"line":69,"column":36},"end":{"line":69,"column":37}},"loc":{"start":{"line":69,"column":51},"end":{"line":76,"column":1}},"line":69},"4":{"name":"(anonymous_4)","decl":{"start":{"line":78,"column":47},"end":{"line":78,"column":48}},"loc":{"start":{"line":78,"column":63},"end":{"line":108,"column":1}},"line":78},"5":{"name":"(anonymous_5)","decl":{"start":{"line":110,"column":48},"end":{"line":110,"column":49}},"loc":{"start":{"line":110,"column":65},"end":{"line":120,"column":1}},"line":110},"6":{"name":"(anonymous_6)","decl":{"start":{"line":122,"column":44},"end":{"line":122,"column":45}},"loc":{"start":{"line":122,"column":69},"end":{"line":127,"column":1}},"line":122},"7":{"name":"(anonymous_7)","decl":{"start":{"line":129,"column":39},"end":{"line":129,"column":40}},"loc":{"start":{"line":129,"column":50},"end":{"line":129,"column":73}},"line":129},"8":{"name":"(anonymous_8)","decl":{"start":{"line":130,"column":43},"end":{"line":130,"column":44}},"loc":{"start":{"line":130,"column":54},"end":{"line":130,"column":82}},"line":130},"9":{"name":"(anonymous_9)","decl":{"start":{"line":131,"column":41},"end":{"line":131,"column":42}},"loc":{"start":{"line":131,"column":69},"end":{"line":148,"column":1}},"line":131},"10":{"name":"(anonymous_10)","decl":{"start":{"line":135,"column":31},"end":{"line":135,"column":32}},"loc":{"start":{"line":135,"column":55},"end":{"line":141,"column":5}},"line":135},"11":{"name":"(anonymous_11)","decl":{"start":{"line":150,"column":46},"end":{"line":150,"column":47}},"loc":{"start":{"line":150,"column":64},"end":{"line":158,"column":1}},"line":150},"12":{"name":"(anonymous_12)","decl":{"start":{"line":160,"column":46},"end":{"line":160,"column":47}},"loc":{"start":{"line":160,"column":75},"end":{"line":177,"column":1}},"line":160},"13":{"name":"(anonymous_13)","decl":{"start":{"line":161,"column":39},"end":{"line":161,"column":40}},"loc":{"start":{"line":161,"column":50},"end":{"line":161,"column":52}},"line":161},"14":{"name":"(anonymous_14)","decl":{"start":{"line":178,"column":50},"end":{"line":178,"column":51}},"loc":{"start":{"line":178,"column":68},"end":{"line":180,"column":1}},"line":178},"15":{"name":"(anonymous_15)","decl":{"start":{"line":182,"column":44},"end":{"line":182,"column":45}},"loc":{"start":{"line":182,"column":68},"end":{"line":195,"column":1}},"line":182},"16":{"name":"(anonymous_16)","decl":{"start":{"line":197,"column":52},"end":{"line":197,"column":53}},"loc":{"start":{"line":197,"column":83},"end":{"line":232,"column":1}},"line":197},"17":{"name":"(anonymous_17)","decl":{"start":{"line":203,"column":12},"end":{"line":203,"column":13}},"loc":{"start":{"line":203,"column":29},"end":{"line":209,"column":7}},"line":203},"18":{"name":"(anonymous_18)","decl":{"start":{"line":209,"column":9},"end":{"line":209,"column":10}},"loc":{"start":{"line":209,"column":24},"end":{"line":216,"column":7}},"line":209},"19":{"name":"(anonymous_19)","decl":{"start":{"line":218,"column":40},"end":{"line":218,"column":41}},"loc":{"start":{"line":218,"column":63},"end":{"line":230,"column":5}},"line":218}},"branchMap":{"0":{"loc":{"start":{"line":18,"column":2},"end":{"line":22,"column":3}},"type":"if","locations":[{"start":{"line":18,"column":2},"end":{"line":22,"column":3}},{"start":{"line":18,"column":2},"end":{"line":22,"column":3}}],"line":18},"1":{"loc":{"start":{"line":19,"column":4},"end":{"line":21,"column":5}},"type":"if","locations":[{"start":{"line":19,"column":4},"end":{"line":21,"column":5}},{"start":{"line":19,"column":4},"end":{"line":21,"column":5}}],"line":19},"2":{"loc":{"start":{"line":19,"column":8},"end":{"line":19,"column":59}},"type":"binary-expr","locations":[{"start":{"line":19,"column":8},"end":{"line":19,"column":34}},{"start":{"line":19,"column":38},"end":{"line":19,"column":59}}],"line":19},"3":{"loc":{"start":{"line":33,"column":4},"end":{"line":35,"column":5}},"type":"if","locations":[{"start":{"line":33,"column":4},"end":{"line":35,"column":5}},{"start":{"line":33,"column":4},"end":{"line":35,"column":5}}],"line":33},"4":{"loc":{"start":{"line":36,"column":4},"end":{"line":50,"column":5}},"type":"switch","locations":[{"start":{"line":38,"column":6},"end":{"line":44,"column":12}},{"start":{"line":45,"column":6},"end":{"line":47,"column":14}},{"start":{"line":48,"column":6},"end":{"line":49,"column":26}}],"line":36},"5":{"loc":{"start":{"line":39,"column":6},"end":{"line":43,"column":7}},"type":"if","locations":[{"start":{"line":39,"column":6},"end":{"line":43,"column":7}},{"start":{"line":39,"column":6},"end":{"line":43,"column":7}}],"line":39},"6":{"loc":{"start":{"line":59,"column":2},"end":{"line":63,"column":3}},"type":"if","locations":[{"start":{"line":59,"column":2},"end":{"line":63,"column":3}},{"start":{"line":59,"column":2},"end":{"line":63,"column":3}}],"line":59},"7":{"loc":{"start":{"line":59,"column":6},"end":{"line":59,"column":57}},"type":"binary-expr","locations":[{"start":{"line":59,"column":6},"end":{"line":59,"column":27}},{"start":{"line":59,"column":31},"end":{"line":59,"column":57}}],"line":59},"8":{"loc":{"start":{"line":71,"column":2},"end":{"line":75,"column":3}},"type":"if","locations":[{"start":{"line":71,"column":2},"end":{"line":75,"column":3}},{"start":{"line":71,"column":2},"end":{"line":75,"column":3}}],"line":71},"9":{"loc":{"start":{"line":72,"column":4},"end":{"line":74,"column":5}},"type":"if","locations":[{"start":{"line":72,"column":4},"end":{"line":74,"column":5}},{"start":{"line":72,"column":4},"end":{"line":74,"column":5}}],"line":72},"10":{"loc":{"start":{"line":72,"column":8},"end":{"line":72,"column":59}},"type":"binary-expr","locations":[{"start":{"line":72,"column":8},"end":{"line":72,"column":34}},{"start":{"line":72,"column":38},"end":{"line":72,"column":59}}],"line":72},"11":{"loc":{"start":{"line":86,"column":4},"end":{"line":88,"column":5}},"type":"if","locations":[{"start":{"line":86,"column":4},"end":{"line":88,"column":5}},{"start":{"line":86,"column":4},"end":{"line":88,"column":5}}],"line":86},"12":{"loc":{"start":{"line":89,"column":4},"end":{"line":103,"column":5}},"type":"switch","locations":[{"start":{"line":91,"column":6},"end":{"line":97,"column":12}},{"start":{"line":98,"column":6},"end":{"line":100,"column":14}},{"start":{"line":101,"column":6},"end":{"line":102,"column":26}}],"line":89},"13":{"loc":{"start":{"line":92,"column":6},"end":{"line":96,"column":7}},"type":"if","locations":[{"start":{"line":92,"column":6},"end":{"line":96,"column":7}},{"start":{"line":92,"column":6},"end":{"line":96,"column":7}}],"line":92},"14":{"loc":{"start":{"line":112,"column":2},"end":{"line":116,"column":3}},"type":"if","locations":[{"start":{"line":112,"column":2},"end":{"line":116,"column":3}},{"start":{"line":112,"column":2},"end":{"line":116,"column":3}}],"line":112},"15":{"loc":{"start":{"line":112,"column":6},"end":{"line":112,"column":57}},"type":"binary-expr","locations":[{"start":{"line":112,"column":6},"end":{"line":112,"column":27}},{"start":{"line":112,"column":31},"end":{"line":112,"column":57}}],"line":112},"16":{"loc":{"start":{"line":133,"column":2},"end":{"line":147,"column":3}},"type":"if","locations":[{"start":{"line":133,"column":2},"end":{"line":147,"column":3}},{"start":{"line":133,"column":2},"end":{"line":147,"column":3}}],"line":133},"17":{"loc":{"start":{"line":136,"column":6},"end":{"line":140,"column":7}},"type":"if","locations":[{"start":{"line":136,"column":6},"end":{"line":140,"column":7}},{"start":{"line":136,"column":6},"end":{"line":140,"column":7}}],"line":136},"18":{"loc":{"start":{"line":161,"column":17},"end":{"line":161,"column":52}},"type":"binary-expr","locations":[{"start":{"line":161,"column":17},"end":{"line":161,"column":35}},{"start":{"line":161,"column":39},"end":{"line":161,"column":52}}],"line":161},"19":{"loc":{"start":{"line":163,"column":2},"end":{"line":168,"column":3}},"type":"if","locations":[{"start":{"line":163,"column":2},"end":{"line":168,"column":3}},{"start":{"line":163,"column":2},"end":{"line":168,"column":3}}],"line":163},"20":{"loc":{"start":{"line":173,"column":2},"end":{"line":175,"column":3}},"type":"if","locations":[{"start":{"line":173,"column":2},"end":{"line":175,"column":3}},{"start":{"line":173,"column":2},"end":{"line":175,"column":3}}],"line":173},"21":{"loc":{"start":{"line":184,"column":2},"end":{"line":194,"column":3}},"type":"if","locations":[{"start":{"line":184,"column":2},"end":{"line":194,"column":3}},{"start":{"line":184,"column":2},"end":{"line":194,"column":3}}],"line":184},"22":{"loc":{"start":{"line":201,"column":2},"end":{"line":231,"column":3}},"type":"if","locations":[{"start":{"line":201,"column":2},"end":{"line":231,"column":3}},{"start":{"line":201,"column":2},"end":{"line":231,"column":3}}],"line":201},"23":{"loc":{"start":{"line":220,"column":6},"end":{"line":226,"column":7}},"type":"if","locations":[{"start":{"line":220,"column":6},"end":{"line":226,"column":7}},{"start":{"line":220,"column":6},"end":{"line":226,"column":7}}],"line":220},"24":{"loc":{"start":{"line":220,"column":11},"end":{"line":220,"column":53}},"type":"binary-expr","locations":[{"start":{"line":220,"column":11},"end":{"line":220,"column":23}},{"start":{"line":220,"column":27},"end":{"line":220,"column":53}}],"line":220},"25":{"loc":{"start":{"line":221,"column":55},"end":{"line":221,"column":125}},"type":"cond-expr","locations":[{"start":{"line":221,"column":102},"end":{"line":221,"column":105}},{"start":{"line":221,"column":108},"end":{"line":221,"column":125}}],"line":221},"26":{"loc":{"start":{"line":221,"column":56},"end":{"line":221,"column":98}},"type":"binary-expr","locations":[{"start":{"line":221,"column":56},"end":{"line":221,"column":68}},{"start":{"line":221,"column":72},"end":{"line":221,"column":98}}],"line":221}},"s":{"0":1,"1":1,"2":1,"3":1,"4":1,"5":0,"6":0,"7":0,"8":0,"9":1,"10":1,"11":0,"12":0,"13":0,"14":0,"15":0,"16":0,"17":0,"18":0,"19":0,"20":0,"21":0,"22":0,"23":0,"24":0,"25":0,"26":0,"27":0,"28":0,"29":0,"30":1,"31":0,"32":0,"33":0,"34":0,"35":0,"36":0,"37":0,"38":0,"39":1,"40":0,"41":0,"42":0,"43":0,"44":1,"45":1,"46":0,"47":0,"48":0,"49":0,"50":0,"51":0,"52":0,"53":0,"54":0,"55":0,"56":0,"57":0,"58":0,"59":0,"60":0,"61":0,"62":0,"63":0,"64":0,"65":1,"66":0,"67":0,"68":0,"69":0,"70":0,"71":0,"72":0,"73":0,"74":1,"75":0,"76":0,"77":0,"78":0,"79":1,"80":1,"81":0,"82":1,"83":0,"84":1,"85":0,"86":0,"87":0,"88":0,"89":0,"90":0,"91":0,"92":0,"93":0,"94":0,"95":0,"96":1,"97":0,"98":0,"99":0,"100":0,"101":0,"102":0,"103":0,"104":1,"105":0,"106":0,"107":0,"108":0,"109":0,"110":0,"111":0,"112":0,"113":0,"114":0,"115":0,"116":0,"117":0,"118":1,"119":0,"120":1,"121":0,"122":0,"123":0,"124":0,"125":0,"126":0,"127":0,"128":0,"129":0,"130":0,"131":1,"132":0,"133":0,"134":0,"135":0,"136":0,"137":0,"138":0,"139":0,"140":0,"141":0,"142":0,"143":0,"144":0,"145":0,"146":0,"147":0,"148":0,"149":0,"150":0,"151":0,"152":0,"153":0,"154":0,"155":0},"f":{"0":0,"1":0,"2":0,"3":0,"4":0,"5":0,"6":0,"7":0,"8":0,"9":0,"10":0,"11":0,"12":0,"13":0,"14":0,"15":0,"16":0,"17":0,"18":0,"19":0},"b":{"0":[0,0],"1":[0,0],"2":[0,0],"3":[0,0],"4":[0,0,0],"5":[0,0],"6":[0,0],"7":[0,0],"8":[0,0],"9":[0,0],"10":[0,0],"11":[0,0],"12":[0,0,0],"13":[0,0],"14":[0,0],"15":[0,0],"16":[0,0],"17":[0,0],"18":[0,0],"19":[0,0],"20":[0,0],"21":[0,0],"22":[0,0],"23":[0,0],"24":[0,0],"25":[0,0],"26":[0,0]},"_coverageSchema":"43e27e138ebf9cfc5966b082cf9a028302ed4184","hash":"e6c4ba4b41af73267429267d03dc52b2df043b2b","contentHash":"08cbc95181fcbe75f1efdee879d3de1426f31938ac15816ac4e1bbdb618b5439"},"D:\\work\\other\\forestry\\forestry_rd\\src\\rpc\\testRpcService\\TestRpcService_types.js":{"path":"D:\\work\\other\\forestry\\forestry_rd\\src\\rpc\\testRpcService\\TestRpcService_types.js","statementMap":{"0":{"start":{"line":8,"column":13},"end":{"line":8,"column":30}},"1":{"start":{"line":9,"column":13},"end":{"line":9,"column":26}},"2":{"start":{"line":10,"column":8},"end":{"line":10,"column":16}},"3":{"start":{"line":13,"column":13},"end":{"line":13,"column":32}}},"fnMap":{},"branchMap":{},"s":{"0":1,"1":1,"2":1,"3":1},"f":{},"b":{},"_coverageSchema":"43e27e138ebf9cfc5966b082cf9a028302ed4184","hash":"b408f1595eab682e2c9220df4d85e22e12495baf","contentHash":"13fcfa6cd5effe0ca0c6372300c5c3f3c1054d38f8cb155ba8261d5860518843"},"D:\\work\\other\\forestry\\forestry_rd\\src\\routes\\index.js":{"path":"D:\\work\\other\\forestry\\forestry_rd\\src\\routes\\index.js","statementMap":{"0":{"start":{"line":1,"column":19},"end":{"line":1,"column":36}},"1":{"start":{"line":2,"column":19},"end":{"line":2,"column":36}},"2":{"start":{"line":3,"column":18},"end":{"line":3,"column":34}},"3":{"start":{"line":4,"column":19},"end":{"line":4,"column":36}},"4":{"start":{"line":5,"column":19},"end":{"line":5,"column":43}},"5":{"start":{"line":6,"column":19},"end":{"line":6,"column":43}},"6":{"start":{"line":7,"column":25},"end":{"line":7,"column":55}},"7":{"start":{"line":8,"column":20},"end":{"line":8,"column":45}},"8":{"start":{"line":9,"column":19},"end":{"line":9,"column":43}},"9":{"start":{"line":10,"column":22},"end":{"line":10,"column":49}},"10":{"start":{"line":11,"column":19},"end":{"line":11,"column":36}},"11":{"start":{"line":12,"column":22},"end":{"line":12,"column":42}},"12":{"start":{"line":13,"column":23},"end":{"line":13,"column":44}},"13":{"start":{"line":15,"column":0},"end":{"line":36,"column":2}},"14":{"start":{"line":16,"column":2},"end":{"line":16,"column":31}},"15":{"start":{"line":18,"column":2},"end":{"line":18,"column":31}},"16":{"start":{"line":20,"column":2},"end":{"line":20,"column":31}},"17":{"start":{"line":22,"column":2},"end":{"line":22,"column":37}},"18":{"start":{"line":24,"column":2},"end":{"line":24,"column":39}},"19":{"start":{"line":26,"column":2},"end":{"line":26,"column":38}},"20":{"start":{"line":27,"column":2},"end":{"line":27,"column":38}},"21":{"start":{"line":28,"column":2},"end":{"line":28,"column":50}},"22":{"start":{"line":29,"column":2},"end":{"line":29,"column":40}},"23":{"start":{"line":30,"column":2},"end":{"line":30,"column":38}},"24":{"start":{"line":31,"column":2},"end":{"line":31,"column":44}},"25":{"start":{"line":33,"column":2},"end":{"line":33,"column":29}},"26":{"start":{"line":35,"column":2},"end":{"line":35,"column":31}}},"fnMap":{"0":{"name":"(anonymous_0)","decl":{"start":{"line":15,"column":17},"end":{"line":15,"column":18}},"loc":{"start":{"line":15,"column":26},"end":{"line":36,"column":1}},"line":15}},"branchMap":{},"s":{"0":1,"1":1,"2":1,"3":1,"4":1,"5":1,"6":1,"7":1,"8":1,"9":1,"10":1,"11":1,"12":1,"13":1,"14":1,"15":1,"16":1,"17":1,"18":1,"19":1,"20":1,"21":1,"22":1,"23":1,"24":1,"25":1,"26":1},"f":{"0":1},"b":{},"_coverageSchema":"43e27e138ebf9cfc5966b082cf9a028302ed4184","hash":"65fef61e80fe472203f36ee97354fa86694d2d76","contentHash":"8000f1ba4bb25235f2c718ca36971c91944bfee36b02fe3912e7f1c712047d20"},"D:\\work\\other\\forestry\\forestry_rd\\src\\routes\\auth.js":{"path":"D:\\work\\other\\forestry\\forestry_rd\\src\\routes\\auth.js","statementMap":{"0":{"start":{"line":1,"column":16},"end":{"line":1,"column":34}},"1":{"start":{"line":3,"column":16},"end":{"line":3,"column":47}},"2":{"start":{"line":4,"column":18},"end":{"line":4,"column":51}},"3":{"start":{"line":5,"column":21},"end":{"line":5,"column":61}},"4":{"start":{"line":6,"column":20},"end":{"line":6,"column":59}},"5":{"start":{"line":7,"column":24},"end":{"line":7,"column":48}},"6":{"start":{"line":8,"column":17},"end":{"line":8,"column":44}},"7":{"start":{"line":10,"column":15},"end":{"line":10,"column":31}},"8":{"start":{"line":11,"column":16},"end":{"line":11,"column":29}},"9":{"start":{"line":12,"column":18},"end":{"line":12,"column":33}},"10":{"start":{"line":13,"column":21},"end":{"line":13,"column":39}},"11":{"start":{"line":14,"column":20},"end":{"line":14,"column":37}},"12":{"start":{"line":16,"column":0},"end":{"line":50,"column":3}},"13":{"start":{"line":17,"column":18},"end":{"line":17,"column":68}},"14":{"start":{"line":19,"column":2},"end":{"line":49,"column":3}},"15":{"start":{"line":20,"column":4},"end":{"line":20,"column":49}},"16":{"start":{"line":23,"column":26},"end":{"line":23,"column":101}},"17":{"start":{"line":25,"column":4},"end":{"line":27,"column":5}},"18":{"start":{"line":26,"column":6},"end":{"line":26,"column":45}},"19":{"start":{"line":29,"column":4},"end":{"line":48,"column":5}},"20":{"start":{"line":30,"column":6},"end":{"line":30,"column":42}},"21":{"start":{"line":33,"column":29},"end":{"line":33,"column":74}},"22":{"start":{"line":35,"column":6},"end":{"line":47,"column":7}},"23":{"start":{"line":36,"column":8},"end":{"line":36,"column":47}},"24":{"start":{"line":39,"column":8},"end":{"line":44,"column":10}},"25":{"start":{"line":46,"column":8},"end":{"line":46,"column":67}},"26":{"start":{"line":52,"column":0},"end":{"line":57,"column":3}},"27":{"start":{"line":53,"column":2},"end":{"line":56,"column":5}},"28":{"start":{"line":54,"column":4},"end":{"line":54,"column":35}},"29":{"start":{"line":55,"column":4},"end":{"line":55,"column":42}},"30":{"start":{"line":59,"column":0},"end":{"line":66,"column":3}},"31":{"start":{"line":60,"column":2},"end":{"line":65,"column":3}},"32":{"start":{"line":61,"column":4},"end":{"line":61,"column":56}},"33":{"start":{"line":64,"column":4},"end":{"line":64,"column":43}},"34":{"start":{"line":68,"column":0},"end":{"line":87,"column":3}},"35":{"start":{"line":69,"column":18},"end":{"line":69,"column":64}},"36":{"start":{"line":71,"column":2},"end":{"line":86,"column":3}},"37":{"start":{"line":72,"column":4},"end":{"line":72,"column":49}},"38":{"start":{"line":75,"column":27},"end":{"line":75,"column":114}},"39":{"start":{"line":77,"column":4},"end":{"line":85,"column":5}},"40":{"start":{"line":78,"column":6},"end":{"line":78,"column":50}},"41":{"start":{"line":80,"column":9},"end":{"line":85,"column":5}},"42":{"start":{"line":81,"column":6},"end":{"line":81,"column":38}},"43":{"start":{"line":84,"column":6},"end":{"line":84,"column":83}},"44":{"start":{"line":89,"column":0},"end":{"line":104,"column":3}},"45":{"start":{"line":90,"column":18},"end":{"line":90,"column":53}},"46":{"start":{"line":92,"column":2},"end":{"line":103,"column":3}},"47":{"start":{"line":93,"column":4},"end":{"line":93,"column":49}},"48":{"start":{"line":96,"column":18},"end":{"line":96,"column":92}},"49":{"start":{"line":98,"column":4},"end":{"line":100,"column":5}},"50":{"start":{"line":99,"column":6},"end":{"line":99,"column":50}},"51":{"start":{"line":102,"column":4},"end":{"line":102,"column":61}},"52":{"start":{"line":106,"column":0},"end":{"line":106,"column":24}}},"fnMap":{"0":{"name":"(anonymous_0)","decl":{"start":{"line":16,"column":22},"end":{"line":16,"column":23}},"loc":{"start":{"line":16,"column":48},"end":{"line":50,"column":1}},"line":16},"1":{"name":"(anonymous_1)","decl":{"start":{"line":52,"column":22},"end":{"line":52,"column":23}},"loc":{"start":{"line":52,"column":42},"end":{"line":57,"column":1}},"line":52},"2":{"name":"(anonymous_2)","decl":{"start":{"line":53,"column":22},"end":{"line":53,"column":23}},"loc":{"start":{"line":53,"column":28},"end":{"line":56,"column":3}},"line":53},"3":{"name":"(anonymous_3)","decl":{"start":{"line":59,"column":32},"end":{"line":59,"column":33}},"loc":{"start":{"line":59,"column":58},"end":{"line":66,"column":1}},"line":59},"4":{"name":"(anonymous_4)","decl":{"start":{"line":68,"column":26},"end":{"line":68,"column":27}},"loc":{"start":{"line":68,"column":52},"end":{"line":87,"column":1}},"line":68},"5":{"name":"(anonymous_5)","decl":{"start":{"line":89,"column":31},"end":{"line":89,"column":32}},"loc":{"start":{"line":89,"column":57},"end":{"line":104,"column":1}},"line":89}},"branchMap":{"0":{"loc":{"start":{"line":19,"column":2},"end":{"line":49,"column":3}},"type":"if","locations":[{"start":{"line":19,"column":2},"end":{"line":49,"column":3}},{"start":{"line":19,"column":2},"end":{"line":49,"column":3}}],"line":19},"1":{"loc":{"start":{"line":25,"column":4},"end":{"line":27,"column":5}},"type":"if","locations":[{"start":{"line":25,"column":4},"end":{"line":27,"column":5}},{"start":{"line":25,"column":4},"end":{"line":27,"column":5}}],"line":25},"2":{"loc":{"start":{"line":29,"column":4},"end":{"line":48,"column":5}},"type":"if","locations":[{"start":{"line":29,"column":4},"end":{"line":48,"column":5}},{"start":{"line":29,"column":4},"end":{"line":48,"column":5}}],"line":29},"3":{"loc":{"start":{"line":35,"column":6},"end":{"line":47,"column":7}},"type":"if","locations":[{"start":{"line":35,"column":6},"end":{"line":47,"column":7}},{"start":{"line":35,"column":6},"end":{"line":47,"column":7}}],"line":35},"4":{"loc":{"start":{"line":60,"column":2},"end":{"line":65,"column":3}},"type":"if","locations":[{"start":{"line":60,"column":2},"end":{"line":65,"column":3}},{"start":{"line":60,"column":2},"end":{"line":65,"column":3}}],"line":60},"5":{"loc":{"start":{"line":71,"column":2},"end":{"line":86,"column":3}},"type":"if","locations":[{"start":{"line":71,"column":2},"end":{"line":86,"column":3}},{"start":{"line":71,"column":2},"end":{"line":86,"column":3}}],"line":71},"6":{"loc":{"start":{"line":77,"column":4},"end":{"line":85,"column":5}},"type":"if","locations":[{"start":{"line":77,"column":4},"end":{"line":85,"column":5}},{"start":{"line":77,"column":4},"end":{"line":85,"column":5}}],"line":77},"7":{"loc":{"start":{"line":80,"column":9},"end":{"line":85,"column":5}},"type":"if","locations":[{"start":{"line":80,"column":9},"end":{"line":85,"column":5}},{"start":{"line":80,"column":9},"end":{"line":85,"column":5}}],"line":80},"8":{"loc":{"start":{"line":92,"column":2},"end":{"line":103,"column":3}},"type":"if","locations":[{"start":{"line":92,"column":2},"end":{"line":103,"column":3}},{"start":{"line":92,"column":2},"end":{"line":103,"column":3}}],"line":92},"9":{"loc":{"start":{"line":98,"column":4},"end":{"line":100,"column":5}},"type":"if","locations":[{"start":{"line":98,"column":4},"end":{"line":100,"column":5}},{"start":{"line":98,"column":4},"end":{"line":100,"column":5}}],"line":98}},"s":{"0":1,"1":1,"2":1,"3":1,"4":1,"5":1,"6":1,"7":1,"8":1,"9":1,"10":1,"11":1,"12":1,"13":1,"14":1,"15":0,"16":1,"17":1,"18":0,"19":1,"20":0,"21":1,"22":1,"23":0,"24":1,"25":1,"26":1,"27":0,"28":0,"29":0,"30":1,"31":0,"32":0,"33":0,"34":1,"35":0,"36":0,"37":0,"38":0,"39":0,"40":0,"41":0,"42":0,"43":0,"44":1,"45":0,"46":0,"47":0,"48":0,"49":0,"50":0,"51":0,"52":1},"f":{"0":1,"1":0,"2":0,"3":0,"4":0,"5":0},"b":{"0":[0,1],"1":[0,1],"2":[0,1],"3":[0,1],"4":[0,0],"5":[0,0],"6":[0,0],"7":[0,0],"8":[0,0],"9":[0,0]},"_coverageSchema":"43e27e138ebf9cfc5966b082cf9a028302ed4184","hash":"fd50561d7f7f1cf3ab1f56ab3c2c08a0fa4e2e73","contentHash":"0df7d4facc6815638b3bf091a3bdfb66e3b00ca5416e323712dc5c2c363ea373"},"D:\\work\\other\\forestry\\forestry_rd\\src\\service\\loginService.class.js":{"path":"D:\\work\\other\\forestry\\forestry_rd\\src\\service\\loginService.class.js","statementMap":{"0":{"start":{"line":1,"column":20},"end":{"line":1,"column":57}},"1":{"start":{"line":2,"column":13},"end":{"line":2,"column":37}},"2":{"start":{"line":3,"column":17},"end":{"line":3,"column":44}},"3":{"start":{"line":5,"column":20},"end":{"line":5,"column":37}},"4":{"start":{"line":11,"column":27},"end":{"line":11,"column":77}},"5":{"start":{"line":13,"column":4},"end":{"line":24,"column":5}},"6":{"start":{"line":14,"column":6},"end":{"line":17,"column":7}},"7":{"start":{"line":19,"column":9},"end":{"line":24,"column":5}},"8":{"start":{"line":20,"column":6},"end":{"line":23,"column":8}},"9":{"start":{"line":26,"column":4},"end":{"line":29,"column":6}},"10":{"start":{"line":33,"column":4},"end":{"line":33,"column":54}},"11":{"start":{"line":37,"column":0},"end":{"line":37,"column":30}}},"fnMap":{"0":{"name":"(anonymous_0)","decl":{"start":{"line":8,"column":2},"end":{"line":8,"column":3}},"loc":{"start":{"line":8,"column":16},"end":{"line":8,"column":18}},"line":8},"1":{"name":"(anonymous_1)","decl":{"start":{"line":10,"column":2},"end":{"line":10,"column":3}},"loc":{"start":{"line":10,"column":47},"end":{"line":30,"column":3}},"line":10},"2":{"name":"(anonymous_2)","decl":{"start":{"line":32,"column":2},"end":{"line":32,"column":3}},"loc":{"start":{"line":32,"column":32},"end":{"line":34,"column":3}},"line":32}},"branchMap":{"0":{"loc":{"start":{"line":13,"column":4},"end":{"line":24,"column":5}},"type":"if","locations":[{"start":{"line":13,"column":4},"end":{"line":24,"column":5}},{"start":{"line":13,"column":4},"end":{"line":24,"column":5}}],"line":13},"1":{"loc":{"start":{"line":19,"column":9},"end":{"line":24,"column":5}},"type":"if","locations":[{"start":{"line":19,"column":9},"end":{"line":24,"column":5}},{"start":{"line":19,"column":9},"end":{"line":24,"column":5}}],"line":19},"2":{"loc":{"start":{"line":19,"column":12},"end":{"line":19,"column":97}},"type":"binary-expr","locations":[{"start":{"line":19,"column":12},"end":{"line":19,"column":23}},{"start":{"line":19,"column":27},"end":{"line":19,"column":97}}],"line":19}},"s":{"0":1,"1":1,"2":1,"3":1,"4":1,"5":1,"6":0,"7":1,"8":0,"9":1,"10":1,"11":1},"f":{"0":1,"1":1,"2":1},"b":{"0":[0,1],"1":[0,1],"2":[1,1]},"_coverageSchema":"43e27e138ebf9cfc5966b082cf9a028302ed4184","hash":"ba18e8a7214af77255b39196aa46089f5ac8dcbf","contentHash":"2b05301b8b19fbf038d66df71be28e8ef76ae4e4f5b1b9281a48f21f39822a00"},"D:\\work\\other\\forestry\\forestry_rd\\src\\model\\commonModel.class.js":{"path":"D:\\work\\other\\forestry\\forestry_rd\\src\\model\\commonModel.class.js","statementMap":{"0":{"start":{"line":1,"column":14},"end":{"line":1,"column":38}},"1":{"start":{"line":3,"column":14},"end":{"line":3,"column":25}},"2":{"start":{"line":9,"column":4},"end":{"line":9,"column":85}},"3":{"start":{"line":13,"column":4},"end":{"line":13,"column":77}},"4":{"start":{"line":17,"column":16},"end":{"line":17,"column":115}},"5":{"start":{"line":18,"column":15},"end":{"line":18,"column":23}},"6":{"start":{"line":20,"column":4},"end":{"line":20,"column":39}},"7":{"start":{"line":24,"column":0},"end":{"line":24,"column":29}}},"fnMap":{"0":{"name":"(anonymous_0)","decl":{"start":{"line":6,"column":2},"end":{"line":6,"column":3}},"loc":{"start":{"line":6,"column":16},"end":{"line":6,"column":18}},"line":6},"1":{"name":"(anonymous_1)","decl":{"start":{"line":8,"column":2},"end":{"line":8,"column":3}},"loc":{"start":{"line":8,"column":41},"end":{"line":10,"column":3}},"line":8},"2":{"name":"(anonymous_2)","decl":{"start":{"line":12,"column":2},"end":{"line":12,"column":3}},"loc":{"start":{"line":12,"column":37},"end":{"line":14,"column":3}},"line":12},"3":{"name":"(anonymous_3)","decl":{"start":{"line":16,"column":2},"end":{"line":16,"column":3}},"loc":{"start":{"line":16,"column":33},"end":{"line":21,"column":3}},"line":16}},"branchMap":{},"s":{"0":1,"1":1,"2":1,"3":0,"4":1,"5":1,"6":1,"7":1},"f":{"0":2,"1":1,"2":0,"3":1},"b":{},"_coverageSchema":"43e27e138ebf9cfc5966b082cf9a028302ed4184","hash":"04f38bdeaf76c806f8f9d5c83022e9fa36f25b03","contentHash":"5eacc050fc8026525a54a69cb2ddf89b0103794e515262cd9a61cfdc18be6a42"},"D:\\work\\other\\forestry\\forestry_rd\\src\\model\\index.class.js":{"path":"D:\\work\\other\\forestry\\forestry_rd\\src\\model\\index.class.js","statementMap":{"0":{"start":{"line":5,"column":35},"end":{"line":5,"column":90}},"1":{"start":{"line":7,"column":4},"end":{"line":7,"column":28}},"2":{"start":{"line":11,"column":35},"end":{"line":11,"column":112}},"3":{"start":{"line":13,"column":4},"end":{"line":13,"column":28}},"4":{"start":{"line":17,"column":35},"end":{"line":17,"column":91}},"5":{"start":{"line":19,"column":4},"end":{"line":19,"column":28}},"6":{"start":{"line":23,"column":35},"end":{"line":23,"column":113}},"7":{"start":{"line":25,"column":4},"end":{"line":25,"column":28}},"8":{"start":{"line":29,"column":35},"end":{"line":29,"column":107}},"9":{"start":{"line":31,"column":4},"end":{"line":31,"column":28}},"10":{"start":{"line":35,"column":35},"end":{"line":35,"column":103}},"11":{"start":{"line":37,"column":4},"end":{"line":37,"column":28}},"12":{"start":{"line":41,"column":35},"end":{"line":41,"column":112}},"13":{"start":{"line":43,"column":4},"end":{"line":43,"column":28}},"14":{"start":{"line":47,"column":0},"end":{"line":47,"column":23}}},"fnMap":{"0":{"name":"(anonymous_0)","decl":{"start":{"line":2,"column":2},"end":{"line":2,"column":3}},"loc":{"start":{"line":2,"column":16},"end":{"line":2,"column":18}},"line":2},"1":{"name":"(anonymous_1)","decl":{"start":{"line":4,"column":2},"end":{"line":4,"column":3}},"loc":{"start":{"line":4,"column":44},"end":{"line":8,"column":3}},"line":4},"2":{"name":"(anonymous_2)","decl":{"start":{"line":10,"column":2},"end":{"line":10,"column":3}},"loc":{"start":{"line":10,"column":60},"end":{"line":14,"column":3}},"line":10},"3":{"name":"(anonymous_3)","decl":{"start":{"line":16,"column":2},"end":{"line":16,"column":3}},"loc":{"start":{"line":16,"column":50},"end":{"line":20,"column":3}},"line":16},"4":{"name":"(anonymous_4)","decl":{"start":{"line":22,"column":2},"end":{"line":22,"column":3}},"loc":{"start":{"line":22,"column":66},"end":{"line":26,"column":3}},"line":22},"5":{"name":"(anonymous_5)","decl":{"start":{"line":28,"column":2},"end":{"line":28,"column":3}},"loc":{"start":{"line":28,"column":48},"end":{"line":32,"column":3}},"line":28},"6":{"name":"(anonymous_6)","decl":{"start":{"line":34,"column":2},"end":{"line":34,"column":3}},"loc":{"start":{"line":34,"column":41},"end":{"line":38,"column":3}},"line":34},"7":{"name":"(anonymous_7)","decl":{"start":{"line":40,"column":2},"end":{"line":40,"column":3}},"loc":{"start":{"line":40,"column":52},"end":{"line":44,"column":3}},"line":40}},"branchMap":{},"s":{"0":0,"1":0,"2":0,"3":0,"4":0,"5":0,"6":2,"7":2,"8":0,"9":0,"10":0,"11":0,"12":0,"13":0,"14":1},"f":{"0":11,"1":0,"2":0,"3":0,"4":2,"5":0,"6":0,"7":0},"b":{},"_coverageSchema":"43e27e138ebf9cfc5966b082cf9a028302ed4184","hash":"3aef5ac42104a43fa45e4d53fd4aa7ef0344d72d","contentHash":"a898614b07804c27adafe45de14146833da7f3bc239efab2953edff69398cca7"},"D:\\work\\other\\forestry\\forestry_rd\\src\\util\\index.js":{"path":"D:\\work\\other\\forestry\\forestry_rd\\src\\util\\index.js","statementMap":{"0":{"start":{"line":1,"column":15},"end":{"line":1,"column":32}},"1":{"start":{"line":3,"column":0},"end":{"line":5,"column":2}},"2":{"start":{"line":4,"column":2},"end":{"line":4,"column":78}},"3":{"start":{"line":7,"column":0},"end":{"line":15,"column":1}},"4":{"start":{"line":8,"column":2},"end":{"line":12,"column":3}},"5":{"start":{"line":9,"column":4},"end":{"line":11,"column":5}},"6":{"start":{"line":10,"column":6},"end":{"line":10,"column":15}},"7":{"start":{"line":14,"column":2},"end":{"line":14,"column":15}}},"fnMap":{"0":{"name":"(anonymous_0)","decl":{"start":{"line":3,"column":25},"end":{"line":3,"column":26}},"loc":{"start":{"line":3,"column":35},"end":{"line":5,"column":1}},"line":3},"1":{"name":"(anonymous_1)","decl":{"start":{"line":7,"column":22},"end":{"line":7,"column":23}},"loc":{"start":{"line":7,"column":45},"end":{"line":15,"column":1}},"line":7}},"branchMap":{"0":{"loc":{"start":{"line":9,"column":4},"end":{"line":11,"column":5}},"type":"if","locations":[{"start":{"line":9,"column":4},"end":{"line":11,"column":5}},{"start":{"line":9,"column":4},"end":{"line":11,"column":5}}],"line":9}},"s":{"0":1,"1":1,"2":1,"3":1,"4":2,"5":3,"6":0,"7":2},"f":{"0":1,"1":2},"b":{"0":[0,3]},"_coverageSchema":"43e27e138ebf9cfc5966b082cf9a028302ed4184","hash":"77cdec0b09c6d07ab7e2bf957bd8dd6985a83d4b","contentHash":"db5e2f5712364807fadfbfe86352153491f8f7ea208b2749ab9bcb6581b7b5f3"},"D:\\work\\other\\forestry\\forestry_rd\\src\\service\\userService.class.js":{"path":"D:\\work\\other\\forestry\\forestry_rd\\src\\service\\userService.class.js","statementMap":{"0":{"start":{"line":1,"column":13},"end":{"line":1,"column":28}},"1":{"start":{"line":3,"column":20},"end":{"line":3,"column":57}},"2":{"start":{"line":4,"column":18},"end":{"line":4,"column":53}},"3":{"start":{"line":5,"column":13},"end":{"line":5,"column":37}},"4":{"start":{"line":7,"column":18},"end":{"line":7,"column":33}},"5":{"start":{"line":8,"column":20},"end":{"line":8,"column":37}},"6":{"start":{"line":14,"column":4},"end":{"line":14,"column":62}},"7":{"start":{"line":18,"column":4},"end":{"line":18,"column":39}},"8":{"start":{"line":22,"column":4},"end":{"line":22,"column":32}},"9":{"start":{"line":23,"column":4},"end":{"line":23,"column":34}},"10":{"start":{"line":24,"column":24},"end":{"line":24,"column":26}},"11":{"start":{"line":25,"column":17},"end":{"line":25,"column":41}},"12":{"start":{"line":27,"column":34},"end":{"line":27,"column":133}},"13":{"start":{"line":29,"column":4},"end":{"line":40,"column":5}},"14":{"start":{"line":30,"column":6},"end":{"line":33,"column":8}},"15":{"start":{"line":35,"column":9},"end":{"line":40,"column":5}},"16":{"start":{"line":36,"column":6},"end":{"line":39,"column":8}},"17":{"start":{"line":42,"column":4},"end":{"line":66,"column":5}},"18":{"start":{"line":43,"column":6},"end":{"line":65,"column":7}},"19":{"start":{"line":44,"column":8},"end":{"line":50,"column":9}},"20":{"start":{"line":45,"column":10},"end":{"line":49,"column":13}},"21":{"start":{"line":53,"column":8},"end":{"line":53,"column":34}},"22":{"start":{"line":54,"column":8},"end":{"line":54,"column":51}},"23":{"start":{"line":55,"column":8},"end":{"line":55,"column":45}},"24":{"start":{"line":56,"column":8},"end":{"line":56,"column":40}},"25":{"start":{"line":57,"column":8},"end":{"line":57,"column":39}},"26":{"start":{"line":58,"column":8},"end":{"line":64,"column":9}},"27":{"start":{"line":59,"column":10},"end":{"line":63,"column":13}},"28":{"start":{"line":68,"column":4},"end":{"line":78,"column":6}},"29":{"start":{"line":82,"column":15},"end":{"line":82,"column":24}},"30":{"start":{"line":83,"column":4},"end":{"line":83,"column":96}},"31":{"start":{"line":87,"column":15},"end":{"line":87,"column":19}},"32":{"start":{"line":88,"column":25},"end":{"line":88,"column":29}},"33":{"start":{"line":90,"column":4},"end":{"line":93,"column":5}},"34":{"start":{"line":91,"column":6},"end":{"line":91,"column":23}},"35":{"start":{"line":92,"column":6},"end":{"line":92,"column":60}},"36":{"start":{"line":95,"column":4},"end":{"line":95,"column":79}},"37":{"start":{"line":99,"column":4},"end":{"line":99,"column":45}},"38":{"start":{"line":103,"column":17},"end":{"line":103,"column":19}},"39":{"start":{"line":104,"column":15},"end":{"line":104,"column":17}},"40":{"start":{"line":106,"column":4},"end":{"line":113,"column":5}},"41":{"start":{"line":107,"column":6},"end":{"line":109,"column":7}},"42":{"start":{"line":108,"column":8},"end":{"line":108,"column":23}},"43":{"start":{"line":110,"column":6},"end":{"line":110,"column":25}},"44":{"start":{"line":111,"column":6},"end":{"line":111,"column":21}},"45":{"start":{"line":112,"column":6},"end":{"line":112,"column":24}},"46":{"start":{"line":114,"column":4},"end":{"line":114,"column":54}},"47":{"start":{"line":118,"column":27},"end":{"line":118,"column":73}},"48":{"start":{"line":120,"column":4},"end":{"line":122,"column":5}},"49":{"start":{"line":121,"column":6},"end":{"line":121,"column":29}},"50":{"start":{"line":124,"column":4},"end":{"line":137,"column":5}},"51":{"start":{"line":125,"column":6},"end":{"line":128,"column":7}},"52":{"start":{"line":131,"column":19},"end":{"line":131,"column":99}},"53":{"start":{"line":133,"column":6},"end":{"line":136,"column":7}},"54":{"start":{"line":141,"column":4},"end":{"line":141,"column":57}},"55":{"start":{"line":145,"column":0},"end":{"line":145,"column":29}}},"fnMap":{"0":{"name":"(anonymous_0)","decl":{"start":{"line":11,"column":2},"end":{"line":11,"column":3}},"loc":{"start":{"line":11,"column":16},"end":{"line":11,"column":18}},"line":11},"1":{"name":"(anonymous_1)","decl":{"start":{"line":13,"column":2},"end":{"line":13,"column":3}},"loc":{"start":{"line":13,"column":37},"end":{"line":15,"column":3}},"line":13},"2":{"name":"(anonymous_2)","decl":{"start":{"line":17,"column":2},"end":{"line":17,"column":3}},"loc":{"start":{"line":17,"column":20},"end":{"line":19,"column":3}},"line":17},"3":{"name":"(anonymous_3)","decl":{"start":{"line":21,"column":2},"end":{"line":21,"column":3}},"loc":{"start":{"line":21,"column":53},"end":{"line":79,"column":3}},"line":21},"4":{"name":"(anonymous_4)","decl":{"start":{"line":81,"column":2},"end":{"line":81,"column":3}},"loc":{"start":{"line":81,"column":43},"end":{"line":84,"column":3}},"line":81},"5":{"name":"(anonymous_5)","decl":{"start":{"line":86,"column":2},"end":{"line":86,"column":3}},"loc":{"start":{"line":86,"column":48},"end":{"line":96,"column":3}},"line":86},"6":{"name":"(anonymous_6)","decl":{"start":{"line":98,"column":2},"end":{"line":98,"column":3}},"loc":{"start":{"line":98,"column":26},"end":{"line":100,"column":3}},"line":98},"7":{"name":"(anonymous_7)","decl":{"s
[...]
n":2},"end":{"line":68,"column":3}},{"start":{"line":62,"column":2},"end":{"line":68,"column":3}}],"line":62}},"s":{"0":1,"1":1,"2":1,"3":1,"4":1,"5":1,"6":1,"7":1,"8":0,"9":0,"10":0,"11":0,"12":0,"13":1,"14":0,"15":0,"16":0,"17":0,"18":0,"19":1,"20":0,"21":0,"22":0,"23":0,"24":0,"25":1,"26":0,"27":0,"28":0,"29":0,"30":0,"31":1,"32":0,"33":0,"34":0,"35":0,"36":0,"37":1},"f":{"0":0,"1":0,"2":0,"3":0,"4":0},"b":{"0":[0,0],"1":[0,0],"2":[0,0],"3":[0,0],"4":[0,0]},"_coverageSchema":"43e27e138ebf9cfc5966b082cf9a028302ed4184","hash":"651e2d93346ad0de232463e0032f089dde25f74b","contentHash":"dee484b109d155d542de3e36fe0e8596a43b7378b1001588aa7084ee3e456df2"},"D:\\work\\other\\forestry\\forestry_rd\\src\\service\\companyService.class.js":{"path":"D:\\work\\other\\forestry\\forestry_rd\\src\\service\\companyService.class.js","statementMap":{"0":{"start":{"line":1,"column":15},"end":{"line":1,"column":32}},"1":{"start":{"line":3,"column":21},"end":{"line":3,"column":59}},"2":{"start":{"line":5,"column":21},"end":{"line":5,"column":39}},"3":{"start":{"line":11,"column":27},"end":{"line":11,"column":94}},"4":{"start":{"line":13,"column":4},"end":{"line":15,"column":7}},"5":{"start":{"line":14,"column":6},"end":{"line":14,"column":80}},"6":{"start":{"line":17,"column":4},"end":{"line":17,"column":28}},"7":{"start":{"line":21,"column":4},"end":{"line":21,"column":49}},"8":{"start":{"line":25,"column":32},"end":{"line":25,"column":70}},"9":{"start":{"line":26,"column":33},"end":{"line":26,"column":72}},"10":{"start":{"line":28,"column":23},"end":{"line":28,"column":89}},"11":{"start":{"line":30,"column":4},"end":{"line":34,"column":5}},"12":{"start":{"line":31,"column":6},"end":{"line":33,"column":7}},"13":{"start":{"line":32,"column":8},"end":{"line":32,"column":42}},"14":{"start":{"line":36,"column":4},"end":{"line":42,"column":5}},"15":{"start":{"line":46,"column":4},"end":{"line":46,"column":64}},"16":{"start":{"line":50,"column":4},"end":{"line":50,"column":85}},"17":{"start":{"line":54,"column":0},"end":{"line":54,"column":32}}},"fnMap":{"0":{"name":"(anonymous_0)","decl":{"start":{"line":8,"column":2},"end":{"line":8,"column":3}},"loc":{"start":{"line":8,"column":16},"end":{"line":8,"column":18}},"line":8},"1":{"name":"(anonymous_1)","decl":{"start":{"line":10,"column":2},"end":{"line":10,"column":3}},"loc":{"start":{"line":10,"column":57},"end":{"line":18,"column":3}},"line":10},"2":{"name":"(anonymous_2)","decl":{"start":{"line":13,"column":20},"end":{"line":13,"column":21}},"loc":{"start":{"line":13,"column":30},"end":{"line":15,"column":5}},"line":13},"3":{"name":"(anonymous_3)","decl":{"start":{"line":20,"column":2},"end":{"line":20,"column":3}},"loc":{"start":{"line":20,"column":27},"end":{"line":22,"column":3}},"line":20},"4":{"name":"(anonymous_4)","decl":{"start":{"line":24,"column":2},"end":{"line":24,"column":3}},"loc":{"start":{"line":24,"column":30},"end":{"line":43,"column":3}},"line":24},"5":{"name":"(anonymous_5)","decl":{"start":{"line":45,"column":2},"end":{"line":45,"column":3}},"loc":{"start":{"line":45,"column":42},"end":{"line":47,"column":3}},"line":45},"6":{"name":"(anonymous_6)","decl":{"start":{"line":49,"column":2},"end":{"line":49,"column":3}},"loc":{"start":{"line":49,"column":63},"end":{"line":51,"column":3}},"line":49}},"branchMap":{"0":{"loc":{"start":{"line":31,"column":6},"end":{"line":33,"column":7}},"type":"if","locations":[{"start":{"line":31,"column":6},"end":{"line":33,"column":7}},{"start":{"line":31,"column":6},"end":{"line":33,"column":7}}],"line":31}},"s":{"0":1,"1":1,"2":1,"3":0,"4":0,"5":0,"6":0,"7":0,"8":0,"9":0,"10":0,"11":0,"12":0,"13":0,"14":0,"15":0,"16":0,"17":1},"f":{"0":1,"1":0,"2":0,"3":0,"4":0,"5":0,"6":0},"b":{"0":[0,0]},"_coverageSchema":"43e27e138ebf9cfc5966b082cf9a028302ed4184","hash":"4802887aa205ee855ce62a99086bd58c60fcd53d","contentHash":"cc12593317ad898d2a5714f145f0f3a285330278f57d91410601ccc17329a46c"},"D:\\work\\other\\forestry\\forestry_rd\\src\\model\\companyModel.class.js":{"path":"D:\\work\\other\\forestry\\forestry_rd\\src\\model\\companyModel.class.js","statementMap":{"0":{"start":{"line":1,"column":14},"end":{"line":1,"column":38}},"1":{"start":{"line":3,"column":14},"end":{"line":3,"column":25}},"2":{"start":{"line":9,"column":4},"end":{"line":9,"column":199}},"3":{"start":{"line":13,"column":4},"end":{"line":13,"column":78}},"4":{"start":{"line":17,"column":4},"end":{"line":17,"column":130}},"5":{"start":{"line":21,"column":4},"end":{"line":21,"column":131}},"6":{"start":{"line":25,"column":4},"end":{"line":29,"column":6}},"7":{"start":{"line":33,"column":4},"end":{"line":33,"column":184}},"8":{"start":{"line":37,"column":0},"end":{"line":37,"column":30}}},"fnMap":{"0":{"name":"(anonymous_0)","decl":{"start":{"line":6,"column":2},"end":{"line":6,"column":3}},"loc":{"start":{"line":6,"column":16},"end":{"line":6,"column":18}},"line":6},"1":{"name":"(anonymous_1)","decl":{"start":{"line":8,"column":2},"end":{"line":8,"column":3}},"loc":{"start":{"line":8,"column":57},"end":{"line":10,"column":3}},"line":8},"2":{"name":"(anonymous_2)","decl":{"start":{"line":12,"column":2},"end":{"line":12,"column":3}},"loc":{"start":{"line":12,"column":27},"end":{"line":14,"column":3}},"line":12},"3":{"name":"(anonymous_3)","decl":{"start":{"line":16,"column":2},"end":{"line":16,"column":3}},"loc":{"start":{"line":16,"column":34},"end":{"line":18,"column":3}},"line":16},"4":{"name":"(anonymous_4)","decl":{"start":{"line":20,"column":2},"end":{"line":20,"column":3}},"loc":{"start":{"line":20,"column":35},"end":{"line":22,"column":3}},"line":20},"5":{"name":"(anonymous_5)","decl":{"start":{"line":24,"column":2},"end":{"line":24,"column":3}},"loc":{"start":{"line":24,"column":36},"end":{"line":30,"column":3}},"line":24},"6":{"name":"(anonymous_6)","decl":{"start":{"line":32,"column":2},"end":{"line":32,"column":3}},"loc":{"start":{"line":32,"column":63},"end":{"line":34,"column":3}},"line":32}},"branchMap":{},"s":{"0":1,"1":1,"2":0,"3":0,"4":0,"5":0,"6":0,"7":0,"8":1},"f":{"0":1,"1":0,"2":0,"3":0,"4":0,"5":0,"6":0},"b":{},"_coverageSchema":"43e27e138ebf9cfc5966b082cf9a028302ed4184","hash":"fe6404a4ce3689fcb7506570febee11cc7f1b322","contentHash":"729d9f87719fe35f15b5369d959ce8af4ac6edd4b56a271db5edd3283dcd1c37"},"D:\\work\\other\\forestry\\forestry_rd\\src\\routes\\business.js":{"path":"D:\\work\\other\\forestry\\forestry_rd\\src\\routes\\business.js","statementMap":{"0":{"start":{"line":1,"column":16},"end":{"line":1,"column":34}},"1":{"start":{"line":3,"column":18},"end":{"line":3,"column":51}},"2":{"start":{"line":4,"column":24},"end":{"line":4,"column":67}},"3":{"start":{"line":5,"column":24},"end":{"line":5,"column":42}},"4":{"start":{"line":7,"column":15},"end":{"line":7,"column":31}},"5":{"start":{"line":8,"column":18},"end":{"line":8,"column":33}},"6":{"start":{"line":9,"column":24},"end":{"line":9,"column":45}},"7":{"start":{"line":11,"column":0},"end":{"line":21,"column":3}},"8":{"start":{"line":12,"column":18},"end":{"line":12,"column":82}},"9":{"start":{"line":14,"column":2},"end":{"line":20,"column":3}},"10":{"start":{"line":15,"column":4},"end":{"line":15,"column":49}},"11":{"start":{"line":18,"column":27},"end":{"line":18,"column":121}},"12":{"start":{"line":19,"column":4},"end":{"line":19,"column":48}},"13":{"start":{"line":23,"column":0},"end":{"line":33,"column":3}},"14":{"start":{"line":24,"column":18},"end":{"line":24,"column":70}},"15":{"start":{"line":26,"column":2},"end":{"line":32,"column":3}},"16":{"start":{"line":27,"column":4},"end":{"line":27,"column":49}},"17":{"start":{"line":30,"column":27},"end":{"line":30,"column":106}},"18":{"start":{"line":31,"column":4},"end":{"line":31,"column":48}},"19":{"start":{"line":35,"column":0},"end":{"line":45,"column":3}},"20":{"start":{"line":36,"column":18},"end":{"line":36,"column":69}},"21":{"start":{"line":38,"column":2},"end":{"line":44,"column":3}},"22":{"start":{"line":39,"column":4},"end":{"line":39,"column":49}},"23":{"start":{"line":42,"column":27},"end":{"line":42,"column":131}},"24":{"start":{"line":43,"column":4},"end":{"line":43,"column":48}},"25":{"start":{"line":47,"column":0},"end":{"line":57,"column":3}},"26":{"start":{"line":48,"column":18},"end":{"line":48,"column":60}},"27":{"start":{"line":50,"column":2},"end":{"line":56,"column":3}},"28":{"start":{"line":51,"column":4},"end":{"line":51,"column":49}},"29":{"start":{"line":54,"column":27},"end":{"line":54,"column":120}},"30":{"start":{"line":55,"column":4},"end":{"line":55,"column":48}},"31":{"start":{"line":59,"column":0},"end":{"line":59,"column":24}}},"fnMap":{"0":{"name":"(anonymous_0)","decl":{"start":{"line":11,"column":27},"end":{"line":11,"column":28}},"loc":{"start":{"line":11,"column":53},"end":{"line":21,"column":1}},"line":11},"1":{"name":"(anonymous_1)","decl":{"start":{"line":23,"column":32},"end":{"line":23,"column":33}},"loc":{"start":{"line":23,"column":58},"end":{"line":33,"column":1}},"line":23},"2":{"name":"(anonymous_2)","decl":{"start":{"line":35,"column":26},"end":{"line":35,"column":27}},"loc":{"start":{"line":35,"column":52},"end":{"line":45,"column":1}},"line":35},"3":{"name":"(anonymous_3)","decl":{"start":{"line":47,"column":31},"end":{"line":47,"column":32}},"loc":{"start":{"line":47,"column":57},"end":{"line":57,"column":1}},"line":47}},"branchMap":{"0":{"loc":{"start":{"line":14,"column":2},"end":{"line":20,"column":3}},"type":"if","locations":[{"start":{"line":14,"column":2},"end":{"line":20,"column":3}},{"start":{"line":14,"column":2},"end":{"line":20,"column":3}}],"line":14},"1":{"loc":{"start":{"line":26,"column":2},"end":{"line":32,"column":3}},"type":"if","locations":[{"start":{"line":26,"column":2},"end":{"line":32,"column":3}},{"start":{"line":26,"column":2},"end":{"line":32,"column":3}}],"line":26},"2":{"loc":{"start":{"line":38,"column":2},"end":{"line":44,"column":3}},"type":"if","locations":[{"start":{"line":38,"column":2},"end":{"line":44,"column":3}},{"start":{"line":38,"column":2},"end":{"line":44,"column":3}}],"line":38},"3":{"loc":{"start":{"line":50,"column":2},"end":{"line":56,"column":3}},"type":"if","locations":[{"start":{"line":50,"column":2},"end":{"line":56,"column":3}},{"start":{"line":50,"column":2},"end":{"line":56,"column":3}}],"line":50}},"s":{"0":1,"1":1,"2":1,"3":1,"4":1,"5":1,"6":1,"7":1,"8":0,"9":0,"10":0,"11":0,"12":0,"13":1,"14":0,"15":0,"16":0,"17":0,"18":0,"19":1,"20":0,"21":0,"22":0,"23":0,"24":0,"25":1,"26":0,"27":0,"28":0,"29":0,"30":0,"31":1},"f":{"0":0,"1":0,"2":0,"3":0},"b":{"0":[0,0],"1":[0,0],"2":[0,0],"3":[0,0]},"_coverageSchema":"43e27e138ebf9cfc5966b082cf9a028302ed4184","hash":"5ba6219fe74315208457b30342671ac9b1523e63","contentHash":"722642e35156a51a7d1ac3cc14a25fb02db08eff93fa2c80240517a07d43712b"},"D:\\work\\other\\forestry\\forestry_rd\\src\\service\\businessService.class.js":{"path":"D:\\work\\other\\forestry\\forestry_rd\\src\\service\\businessService.class.js","statementMap":{"0":{"start":{"line":1,"column":15},"end":{"line":1,"column":32}},"1":{"start":{"line":3,"column":22},"end":{"line":3,"column":61}},"2":{"start":{"line":5,"column":22},"end":{"line":5,"column":41}},"3":{"start":{"line":11,"column":17},"end":{"line":11,"column":66}},"4":{"start":{"line":12,"column":18},"end":{"line":12,"column":20}},"5":{"start":{"line":13,"column":14},"end":{"line":13,"column":16}},"6":{"start":{"line":15,"column":4},"end":{"line":67,"column":5}},"7":{"start":{"line":16,"column":32},"end":{"line":16,"column":82}},"8":{"start":{"line":17,"column":33},"end":{"line":17,"column":84}},"9":{"start":{"line":19,"column":25},"end":{"line":19,"column":87}},"10":{"start":{"line":21,"column":6},"end":{"line":25,"column":7}},"11":{"start":{"line":22,"column":8},"end":{"line":24,"column":9}},"12":{"start":{"line":23,"column":10},"end":{"line":23,"column":44}},"13":{"start":{"line":27,"column":6},"end":{"line":32,"column":9}},"14":{"start":{"line":28,"column":8},"end":{"line":28,"column":33}},"15":{"start":{"line":29,"column":8},"end":{"line":29,"column":88}},"16":{"start":{"line":30,"column":8},"end":{"line":30,"column":82}},"17":{"start":{"line":31,"column":8},"end":{"line":31,"column":27}},"18":{"start":{"line":34,"column":6},"end":{"line":39,"column":9}},"19":{"start":{"line":35,"column":8},"end":{"line":35,"column":33}},"20":{"start":{"line":36,"column":8},"end":{"line":36,"column":88}},"21":{"start":{"line":37,"column":8},"end":{"line":37,"column":82}},"22":{"start":{"line":38,"column":8},"end":{"line":38,"column":27}},"23":{"start":{"line":41,"column":6},"end":{"line":44,"column":7}},"24":{"start":{"line":46,"column":9},"end":{"line":67,"column":5}},"25":{"start":{"line":47,"column":26},"end":{"line":47,"column":83}},"26":{"start":{"line":48,"column":6},"end":{"line":48,"column":30}},"27":{"start":{"line":50,"column":6},"end":{"line":55,"column":9}},"28":{"start":{"line":51,"column":8},"end":{"line":51,"column":33}},"29":{"start":{"line":52,"column":8},"end":{"line":52,"column":88}},"30":{"start":{"line":53,"column":8},"end":{"line":53,"column":82}},"31":{"start":{"line":54,"column":8},"end":{"line":54,"column":27}},"32":{"start":{"line":58,"column":25},"end":{"line":58,"column":81}},"33":{"start":{"line":59,"column":6},"end":{"line":59,"column":29}},"34":{"start":{"line":61,"column":6},"end":{"line":66,"column":9}},"35":{"start":{"line":62,"column":8},"end":{"line":62,"column":33}},"36":{"start":{"line":63,"column":8},"end":{"line":63,"column":88}},"37":{"start":{"line":64,"column":8},"end":{"line":64,"column":82}},"38":{"start":{"line":65,"column":8},"end":{"line":65,"column":27}},"39":{"start":{"line":69,"column":4},"end":{"line":69,"column":28}},"40":{"start":{"line":73,"column":17},"end":{"line":73,"column":66}},"41":{"start":{"line":75,"column":27},"end":{"line":75,"column":84}},"42":{"start":{"line":77,"column":4},"end":{"line":80,"column":7}},"43":{"start":{"line":78,"column":6},"end":{"line":78,"column":86}},"44":{"start":{"line":79,"column":6},"end":{"line":79,"column":80}},"45":{"start":{"line":82,"column":4},"end":{"line":82,"column":28}},"46":{"start":{"line":86,"column":4},"end":{"line":86,"column":66}},"47":{"start":{"line":90,"column":4},"end":{"line":90,"column":64}},"48":{"start":{"line":94,"column":0},"end":{"line":94,"column":33}}},"fnMap":{"0":{"name":"(anonymous_0)","decl":{"start":{"line":8,"column":2},"end":{"line":8,"column":3}},"loc":{"start":{"line":8,"column":17},"end":{"line":8,"column":19}},"line":8},"1":{"name":"(anonymous_1)","decl":{"start":{"line":10,"column":2},"end":{"line":10,"column":3}},"loc":{"start":{"line":10,"column":58},"end":{"line":70,"column":3}},"line":10},"2":{"name":"(anonymous_2)","decl":{"start":{"line":27,"column":38},"end":{"line":27,"column":39}},"loc":{"start":{"line":27,"column":48},"end":{"line":32,"column":7}},"line":27},"3":{"name":"(anonymous_3)","decl":{"start":{"line":34,"column":38},"end":{"line":34,"column":39}},"loc":{"start":{"line":34,"column":48},"end":{"line":39,"column":7}},"line":34},"4":{"name":"(anonymous_4)","decl":{"start":{"line":50,"column":36},"end":{"line":50,"column":37}},"loc":{"start":{"line":50,"column":46},"end":{"line":55,"column":7}},"line":50},"5":{"name":"(anonymous_5)","decl":{"start":{"line":61,"column":35},"end":{"line":61,"column":36}},"loc":{"start":{"line":61,"column":45},"end":{"line":66,"column":7}},"line":61},"6":{"name":"(anonymous_6)","decl":{"start":{"line":72,"column":2},"end":{"line":72,"column":3}},"loc":{"start":{"line":72,"column":53},"end":{"line":83,"column":3}},"line":72},"7":{"name":"(anonymous_7)","decl":{"start":{"line":77,"column":20},"end":{"line":77,"column":21}},"loc":{"start":{"line":77,"column":30},"end":{"line":80,"column":5}},"line":77},"8":{"name":"(anonymous_8)","decl":{"start":{"line":85,"column":2},"end":{"line":85,"column":3}},"loc":{"start":{"line":85,"column":44},"end":{"line":87,"column":3}},"line":85},"9":{"name":"(anonymous_9)","decl":{"start":{"line":89,"column":2},"end":{"line":89,"column":3}},"loc":{"start":{"line":89,"column":42},"end":{"line":91,"column":3}},"line":89}},"branchMap":{"0":{"loc":{"start":{"line":11,"column":17},"end":{"line":11,"column":66}},"type":"cond-expr","locations":[{"start":{"line":11,"column":39},"end":{"line":11,"column":41}},{"start":{"line":11,"column":44},"end":{"line":11,"column":66}}],"line":11},"1":{"loc":{"start":{"line":15,"column":4},"end":{"line":67,"column":5}},"type":"if","locations":[{"start":{"line":15,"column":4},"end":{"line":67,"column":5}},{"start":{"line":15,"column":4},"end":{"line":67,"column":5}}],"line":15},"2":{"loc":{"start":{"line":22,"column":8},"end":{"line":24,"column":9}},"type":"if","locations":[{"start":{"line":22,"column":8},"end":{"line":24,"column":9}},{"start":{"line":22,"column":8},"end":{"line":24,"column":9}}],"line":22},"3":{"loc":{"start":{"line":46,"column":9},"end":{"line":67,"column":5}},"type":"if","locations":[{"start":{"line":46,"column":9},"end":{"line":67,"column":5}},{"start":{"line":46,"column":9},"end":{"line":67,"column":5}}],"line":46},"4":{"loc":{"start":{"line":73,"column":17},"end":{"line":73,"column":66}},"type":"cond-expr","locations":[{"start":{"line":73,"column":39},"end":{"line":73,"column":41}},{"start":{"line":73,"column":44},"end":{"line":73,"column":66}}],"line":73}},"s":{"0":1,"1":1,"2":1,"3":0,"4":0,"5":0,"6":0,"7":0,"8":0,"9":0,"10":0,"11":0,"12":0,"13":0,"14":0,"15":0,"16":0,"17":0,"18":0,"19":0,"20":0,"21":0,"22":0,"23":0,"24":0,"25":0,"26":0,"27":0,"28":0,"29":0,"30":0,"31":0,"32":0,"33":0,"34":0,"35":0,"36":0,"37":0,"38":0,"39":0,"40":0,"41":0,"42":0,"43":0,"44":0,"45":0,"46":0,"47":0,"48":1},"f":{"0":1,"1":0,"2":0,"3":0,"4":0,"5":0,"6":0,"7":0,"8":0,"9":0},"b":{"0":[0,0],"1":[0,0],"2":[0,0],"3":[0,0],"4":[0,0]},"_coverageSchema":"43e27e138ebf9cfc5966b082cf9a028302ed4184","hash":"b022e3a43782226e49dab56740f9bec815bbdc18","contentHash":"88cc853a714d2829d4ffdae04127f7180083ceb50b27657812603b6a9baceb19"},"D:\\work\\other\\forestry\\forestry_rd\\src\\model\\businessModel.class.js":{"path":"D:\\work\\other\\forestry\\forestry_rd\\src\\model\\businessModel.class.js","statementMap":{"0":{"start":{"line":1,"column":14},"end":{"line":1,"column":38}},"1":{"start":{"line":3,"column":14},"end":{"line":3,"column":25}},"2":{"start":{"line":9,"column":4},"end":{"line":11,"column":6}},"3":{"start":{"line":15,"column":4},"end":{"line":17,"column":6}},"4":{"start":{"line":21,"column":4},"end":{"line":23,"column":6}},"5":{"start":{"line":27,"column":4},"end":{"line":27,"column":98}},"6":{"start":{"line":31,"column":4},"end":{"line":31,"column":105}},"7":{"start":{"line":35,"column":0},"end":{"line":35,"column":31}}},"fnMap":{"0":{"name":"(anonymous_0)","decl":{"start":{"line":6,"column":2},"end":{"line":6,"column":3}},"loc":{"start":{"line":6,"column":17},"end":{"line":6,"column":19}},"line":6},"1":{"name":"(anonymous_1)","decl":{"start":{"line":8,"column":2},"end":{"line":8,"column":3}},"loc":{"start":{"line":8,"column":46},"end":{"line":12,"column":3}},"line":8},"2":{"name":"(anonymous_2)","decl":{"start":{"line":14,"column":2},"end":{"line":14,"column":3}},"loc":{"start":{"line":14,"column":47},"end":{"line":18,"column":3}},"line":14},"3":{"name":"(anonymous_3)","decl":{"start":{"line":20,"column":2},"end":{"line":20,"column":3}},"loc":{"start":{"line":20,"column":47},"end":{"line":24,"column":3}},"line":20},"4":{"name":"(anonymous_4)","decl":{"start":{"line":26,"column":2},"end":{"line":26,"column":3}},"loc":{"start":{"line":26,"column":44},"end":{"line":28,"column":3}},"line":26},"5":{"name":"(anonymous_5)","decl":{"start":{"line":30,"column":2},"end":{"line":30,"column":3}},"loc":{"start":{"line":30,"column":42},"end":{"line":32,"column":3}},"line":30}},"branchMap":{},"s":{"0":1,"1":1,"2":0,"3":0,"4":0,"5":0,"6":0,"7":1},"f":{"0":1,"1":0,"2":0,"3":0,"4":0,"5":0},"b":{},"_coverageSchema":"43e27e138ebf9cfc5966b082cf9a028302ed4184","hash":"8a8b047d17e340ee9e3a905af21fb994dc9b5040","contentHash":"2ec06b3c74551b0df99a80854b682dce0347cb4c36b12699b4ebca11bd98f83d"}}